{"/Users/savvy/Documents/Deakin/SIT753_Professional Practice in IT/OnTrackTasks/7.3HD/SIT753-S224734529/src/app.js": {"path":"/Users/savvy/Documents/Deakin/SIT753_Professional Practice in IT/OnTrackTasks/7.3HD/SIT753-S224734529/src/app.js","statementMap":{"0":{"start":{"line":1,"column":13},"end":{"line":1,"column":28}},"1":{"start":{"line":2,"column":0},"end":{"line":2,"column":71}},"2":{"start":{"line":3,"column":16},"end":{"line":3,"column":34}},"3":{"start":{"line":4,"column":17},"end":{"line":4,"column":36}},"4":{"start":{"line":6,"column":12},"end":{"line":6,"column":21}},"5":{"start":{"line":7,"column":13},"end":{"line":7,"column":37}},"6":{"start":{"line":10,"column":0},"end":{"line":10,"column":24}},"7":{"start":{"line":11,"column":0},"end":{"line":11,"column":48}},"8":{"start":{"line":12,"column":0},"end":{"line":12,"column":56}},"9":{"start":{"line":13,"column":0},"end":{"line":13,"column":60}},"10":{"start":{"line":14,"column":0},"end":{"line":14,"column":70}},"11":{"start":{"line":15,"column":0},"end":{"line":15,"column":55}},"12":{"start":{"line":16,"column":0},"end":{"line":16,"column":34}},"13":{"start":{"line":19,"column":0},"end":{"line":21,"column":3}},"14":{"start":{"line":20,"column":2},"end":{"line":20,"column":60}},"15":{"start":{"line":22,"column":0},"end":{"line":24,"column":3}},"16":{"start":{"line":23,"column":2},"end":{"line":23,"column":63}},"17":{"start":{"line":25,"column":0},"end":{"line":27,"column":3}},"18":{"start":{"line":26,"column":2},"end":{"line":26,"column":70}},"19":{"start":{"line":29,"column":0},"end":{"line":31,"column":3}},"20":{"start":{"line":30,"column":2},"end":{"line":30,"column":70}},"21":{"start":{"line":32,"column":0},"end":{"line":34,"column":3}},"22":{"start":{"line":33,"column":2},"end":{"line":33,"column":65}},"23":{"start":{"line":35,"column":0},"end":{"line":37,"column":3}},"24":{"start":{"line":36,"column":2},"end":{"line":36,"column":62}},"25":{"start":{"line":38,"column":0},"end":{"line":40,"column":3}},"26":{"start":{"line":39,"column":2},"end":{"line":39,"column":63}},"27":{"start":{"line":43,"column":36},"end":{"line":43,"column":74}},"28":{"start":{"line":44,"column":0},"end":{"line":46,"column":3}},"29":{"start":{"line":45,"column":2},"end":{"line":45,"column":62}},"30":{"start":{"line":51,"column":19},"end":{"line":51,"column":49}},"31":{"start":{"line":52,"column":0},"end":{"line":52,"column":34}},"32":{"start":{"line":53,"column":18},"end":{"line":53,"column":47}},"33":{"start":{"line":54,"column":0},"end":{"line":54,"column":27}},"34":{"start":{"line":55,"column":28},"end":{"line":55,"column":67}},"35":{"start":{"line":56,"column":0},"end":{"line":56,"column":53}},"36":{"start":{"line":57,"column":21},"end":{"line":57,"column":53}},"37":{"start":{"line":58,"column":0},"end":{"line":58,"column":38}},"38":{"start":{"line":59,"column":0},"end":{"line":59,"column":59}},"39":{"start":{"line":62,"column":0},"end":{"line":70,"column":67}},"40":{"start":{"line":68,"column":4},"end":{"line":68,"column":78}},"41":{"start":{"line":70,"column":18},"end":{"line":70,"column":65}},"42":{"start":{"line":74,"column":2},"end":{"line":76,"column":3}},"43":{"start":{"line":75,"column":4},"end":{"line":75,"column":18}},"44":{"start":{"line":78,"column":2},"end":{"line":82,"column":5}},"45":{"start":{"line":79,"column":20},"end":{"line":79,"column":36}},"46":{"start":{"line":80,"column":25},"end":{"line":80,"column":78}},"47":{"start":{"line":81,"column":4},"end":{"line":81,"column":78}},"48":{"start":{"line":84,"column":2},"end":{"line":84,"column":29}},"49":{"start":{"line":85,"column":2},"end":{"line":85,"column":16}},"50":{"start":{"line":88,"column":0},"end":{"line":90,"column":1}},"51":{"start":{"line":89,"column":2},"end":{"line":89,"column":16}},"52":{"start":{"line":92,"column":0},"end":{"line":92,"column":21}},"53":{"start":{"line":93,"column":0},"end":{"line":93,"column":41}}},"fnMap":{"0":{"name":"(anonymous_0)","decl":{"start":{"line":19,"column":13},"end":{"line":19,"column":14}},"loc":{"start":{"line":19,"column":27},"end":{"line":21,"column":1}},"line":19},"1":{"name":"(anonymous_1)","decl":{"start":{"line":22,"column":21},"end":{"line":22,"column":22}},"loc":{"start":{"line":22,"column":35},"end":{"line":24,"column":1}},"line":22},"2":{"name":"(anonymous_2)","decl":{"start":{"line":25,"column":28},"end":{"line":25,"column":29}},"loc":{"start":{"line":25,"column":42},"end":{"line":27,"column":1}},"line":25},"3":{"name":"(anonymous_3)","decl":{"start":{"line":29,"column":28},"end":{"line":29,"column":29}},"loc":{"start":{"line":29,"column":42},"end":{"line":31,"column":1}},"line":29},"4":{"name":"(anonymous_4)","decl":{"start":{"line":32,"column":22},"end":{"line":32,"column":23}},"loc":{"start":{"line":32,"column":36},"end":{"line":34,"column":1}},"line":32},"5":{"name":"(anonymous_5)","decl":{"start":{"line":35,"column":20},"end":{"line":35,"column":21}},"loc":{"start":{"line":35,"column":34},"end":{"line":37,"column":1}},"line":35},"6":{"name":"(anonymous_6)","decl":{"start":{"line":38,"column":21},"end":{"line":38,"column":22}},"loc":{"start":{"line":38,"column":35},"end":{"line":40,"column":1}},"line":38},"7":{"name":"(anonymous_7)","decl":{"start":{"line":44,"column":61},"end":{"line":44,"column":62}},"loc":{"start":{"line":44,"column":75},"end":{"line":46,"column":1}},"line":44},"8":{"name":"(anonymous_8)","decl":{"start":{"line":67,"column":8},"end":{"line":67,"column":9}},"loc":{"start":{"line":67,"column":14},"end":{"line":69,"column":3}},"line":67},"9":{"name":"(anonymous_9)","decl":{"start":{"line":70,"column":9},"end":{"line":70,"column":10}},"loc":{"start":{"line":70,"column":18},"end":{"line":70,"column":65}},"line":70},"10":{"name":"startServer","decl":{"start":{"line":73,"column":9},"end":{"line":73,"column":20}},"loc":{"start":{"line":73,"column":34},"end":{"line":86,"column":1}},"line":73},"11":{"name":"(anonymous_11)","decl":{"start":{"line":78,"column":28},"end":{"line":78,"column":29}},"loc":{"start":{"line":78,"column":34},"end":{"line":82,"column":3}},"line":78}},"branchMap":{"0":{"loc":{"start":{"line":7,"column":13},"end":{"line":7,"column":37}},"type":"binary-expr","locations":[{"start":{"line":7,"column":13},"end":{"line":7,"column":29}},{"start":{"line":7,"column":33},"end":{"line":7,"column":37}}],"line":7},"1":{"loc":{"start":{"line":73,"column":21},"end":{"line":73,"column":32}},"type":"default-arg","locations":[{"start":{"line":73,"column":28},"end":{"line":73,"column":32}}],"line":73},"2":{"loc":{"start":{"line":74,"column":2},"end":{"line":76,"column":3}},"type":"if","locations":[{"start":{"line":74,"column":2},"end":{"line":76,"column":3}},{"start":{},"end":{}}],"line":74},"3":{"loc":{"start":{"line":80,"column":25},"end":{"line":80,"column":78}},"type":"cond-expr","locations":[{"start":{"line":80,"column":55},"end":{"line":80,"column":62}},{"start":{"line":80,"column":65},"end":{"line":80,"column":78}}],"line":80},"4":{"loc":{"start":{"line":81,"column":54},"end":{"line":81,"column":74}},"type":"binary-expr","locations":[{"start":{"line":81,"column":54},"end":{"line":81,"column":66}},{"start":{"line":81,"column":70},"end":{"line":81,"column":74}}],"line":81},"5":{"loc":{"start":{"line":88,"column":0},"end":{"line":90,"column":1}},"type":"if","locations":[{"start":{"line":88,"column":0},"end":{"line":90,"column":1}},{"start":{},"end":{}}],"line":88}},"s":{"0":1,"1":1,"2":1,"3":1,"4":1,"5":1,"6":1,"7":1,"8":1,"9":1,"10":1,"11":1,"12":1,"13":1,"14":0,"15":1,"16":0,"17":1,"18":0,"19":1,"20":0,"21":1,"22":0,"23":1,"24":0,"25":1,"26":0,"27":1,"28":1,"29":0,"30":1,"31":1,"32":1,"33":1,"34":1,"35":1,"36":1,"37":1,"38":1,"39":1,"40":1,"41":0,"42":0,"43":0,"44":0,"45":0,"46":0,"47":0,"48":0,"49":0,"50":1,"51":0,"52":1,"53":1},"f":{"0":0,"1":0,"2":0,"3":0,"4":0,"5":0,"6":0,"7":0,"8":1,"9":0,"10":0,"11":0},"b":{"0":[1,0],"1":[0],"2":[0,0],"3":[0,0],"4":[0,0],"5":[0,1]},"_coverageSchema":"1a1c01bbd47fc00a2c39e90264f33305004495a9","hash":"545030cede3dbb4e4ae80e94d8d1dee51b3aabe6"}
,"/Users/savvy/Documents/Deakin/SIT753_Professional Practice in IT/OnTrackTasks/7.3HD/SIT753-S224734529/src/config/cloudinary.js": {"path":"/Users/savvy/Documents/Deakin/SIT753_Professional Practice in IT/OnTrackTasks/7.3HD/SIT753-S224734529/src/config/cloudinary.js","statementMap":{"0":{"start":{"line":1,"column":19},"end":{"line":1,"column":43}},"1":{"start":{"line":3,"column":0},"end":{"line":7,"column":3}},"2":{"start":{"line":9,"column":0},"end":{"line":9,"column":28}}},"fnMap":{},"branchMap":{},"s":{"0":1,"1":1,"2":1},"f":{},"b":{},"_coverageSchema":"1a1c01bbd47fc00a2c39e90264f33305004495a9","hash":"5a08e6f8e5bc2b52b7cbf0b1a63952f8bb0b6682"}
,"/Users/savvy/Documents/Deakin/SIT753_Professional Practice in IT/OnTrackTasks/7.3HD/SIT753-S224734529/src/controllers/adminController.js": {"path":"/Users/savvy/Documents/Deakin/SIT753_Professional Practice in IT/OnTrackTasks/7.3HD/SIT753-S224734529/src/controllers/adminController.js","statementMap":{"0":{"start":{"line":1,"column":29},"end":{"line":1,"column":70}},"1":{"start":{"line":2,"column":13},"end":{"line":2,"column":38}},"2":{"start":{"line":5,"column":0},"end":{"line":12,"column":2}},"3":{"start":{"line":6,"column":2},"end":{"line":11,"column":3}},"4":{"start":{"line":7,"column":21},"end":{"line":7,"column":92}},"5":{"start":{"line":8,"column":4},"end":{"line":8,"column":23}},"6":{"start":{"line":10,"column":4},"end":{"line":10,"column":67}},"7":{"start":{"line":15,"column":0},"end":{"line":35,"column":2}},"8":{"start":{"line":16,"column":2},"end":{"line":34,"column":3}},"9":{"start":{"line":17,"column":20},"end":{"line":17,"column":87}},"10":{"start":{"line":18,"column":4},"end":{"line":20,"column":5}},"11":{"start":{"line":19,"column":6},"end":{"line":19,"column":90}},"12":{"start":{"line":23,"column":4},"end":{"line":23,"column":98}},"13":{"start":{"line":26,"column":4},"end":{"line":26,"column":32}},"14":{"start":{"line":27,"column":4},"end":{"line":27,"column":37}},"15":{"start":{"line":28,"column":4},"end":{"line":28,"column":36}},"16":{"start":{"line":29,"column":4},"end":{"line":29,"column":25}},"17":{"start":{"line":31,"column":4},"end":{"line":31,"column":66}},"18":{"start":{"line":33,"column":4},"end":{"line":33,"column":68}},"19":{"start":{"line":38,"column":0},"end":{"line":62,"column":2}},"20":{"start":{"line":39,"column":2},"end":{"line":61,"column":3}},"21":{"start":{"line":40,"column":20},"end":{"line":40,"column":87}},"22":{"start":{"line":41,"column":4},"end":{"line":43,"column":5}},"23":{"start":{"line":42,"column":6},"end":{"line":42,"column":90}},"24":{"start":{"line":46,"column":4},"end":{"line":49,"column":7}},"25":{"start":{"line":52,"column":4},"end":{"line":52,"column":32}},"26":{"start":{"line":53,"column":4},"end":{"line":53,"column":37}},"27":{"start":{"line":54,"column":4},"end":{"line":54,"column":36}},"28":{"start":{"line":55,"column":4},"end":{"line":55,"column":43}},"29":{"start":{"line":56,"column":4},"end":{"line":56,"column":25}},"30":{"start":{"line":58,"column":4},"end":{"line":58,"column":54}},"31":{"start":{"line":60,"column":4},"end":{"line":60,"column":83}},"32":{"start":{"line":65,"column":0},"end":{"line":72,"column":2}},"33":{"start":{"line":66,"column":2},"end":{"line":71,"column":3}},"34":{"start":{"line":67,"column":21},"end":{"line":67,"column":107}},"35":{"start":{"line":68,"column":4},"end":{"line":68,"column":23}},"36":{"start":{"line":70,"column":4},"end":{"line":70,"column":66}},"37":{"start":{"line":75,"column":0},"end":{"line":82,"column":2}},"38":{"start":{"line":76,"column":2},"end":{"line":81,"column":3}},"39":{"start":{"line":77,"column":4},"end":{"line":77,"column":86}},"40":{"start":{"line":78,"column":4},"end":{"line":78,"column":50}},"41":{"start":{"line":80,"column":4},"end":{"line":80,"column":71}}},"fnMap":{"0":{"name":"(anonymous_0)","decl":{"start":{"line":5,"column":36},"end":{"line":5,"column":37}},"loc":{"start":{"line":5,"column":56},"end":{"line":12,"column":1}},"line":5},"1":{"name":"(anonymous_1)","decl":{"start":{"line":15,"column":31},"end":{"line":15,"column":32}},"loc":{"start":{"line":15,"column":51},"end":{"line":35,"column":1}},"line":15},"2":{"name":"(anonymous_2)","decl":{"start":{"line":38,"column":31},"end":{"line":38,"column":32}},"loc":{"start":{"line":38,"column":51},"end":{"line":62,"column":1}},"line":38},"3":{"name":"(anonymous_3)","decl":{"start":{"line":65,"column":38},"end":{"line":65,"column":39}},"loc":{"start":{"line":65,"column":58},"end":{"line":72,"column":1}},"line":65},"4":{"name":"(anonymous_4)","decl":{"start":{"line":75,"column":27},"end":{"line":75,"column":28}},"loc":{"start":{"line":75,"column":47},"end":{"line":82,"column":1}},"line":75}},"branchMap":{"0":{"loc":{"start":{"line":18,"column":4},"end":{"line":20,"column":5}},"type":"if","locations":[{"start":{"line":18,"column":4},"end":{"line":20,"column":5}},{"start":{},"end":{}}],"line":18},"1":{"loc":{"start":{"line":18,"column":8},"end":{"line":18,"column":48}},"type":"binary-expr","locations":[{"start":{"line":18,"column":8},"end":{"line":18,"column":16}},{"start":{"line":18,"column":20},"end":{"line":18,"column":48}}],"line":18},"2":{"loc":{"start":{"line":41,"column":4},"end":{"line":43,"column":5}},"type":"if","locations":[{"start":{"line":41,"column":4},"end":{"line":43,"column":5}},{"start":{},"end":{}}],"line":41},"3":{"loc":{"start":{"line":41,"column":8},"end":{"line":41,"column":48}},"type":"binary-expr","locations":[{"start":{"line":41,"column":8},"end":{"line":41,"column":16}},{"start":{"line":41,"column":20},"end":{"line":41,"column":48}}],"line":41},"4":{"loc":{"start":{"line":48,"column":62},"end":{"line":48,"column":82}},"type":"binary-expr","locations":[{"start":{"line":48,"column":62},"end":{"line":48,"column":76}},{"start":{"line":48,"column":80},"end":{"line":48,"column":82}}],"line":48},"5":{"loc":{"start":{"line":55,"column":21},"end":{"line":55,"column":42}},"type":"binary-expr","locations":[{"start":{"line":55,"column":21},"end":{"line":55,"column":36}},{"start":{"line":55,"column":40},"end":{"line":55,"column":42}}],"line":55}},"s":{"0":1,"1":1,"2":1,"3":0,"4":0,"5":0,"6":0,"7":1,"8":0,"9":0,"10":0,"11":0,"12":0,"13":0,"14":0,"15":0,"16":0,"17":0,"18":0,"19":1,"20":0,"21":0,"22":0,"23":0,"24":0,"25":0,"26":0,"27":0,"28":0,"29":0,"30":0,"31":0,"32":1,"33":0,"34":0,"35":0,"36":0,"37":1,"38":0,"39":0,"40":0,"41":0},"f":{"0":0,"1":0,"2":0,"3":0,"4":0},"b":{"0":[0,0],"1":[0,0],"2":[0,0],"3":[0,0],"4":[0,0],"5":[0,0]},"_coverageSchema":"1a1c01bbd47fc00a2c39e90264f33305004495a9","hash":"138bebee3351c9c72e51eb41eb4974ce39d0d7be"}
,"/Users/savvy/Documents/Deakin/SIT753_Professional Practice in IT/OnTrackTasks/7.3HD/SIT753-S224734529/src/controllers/adminUserController.js": {"path":"/Users/savvy/Documents/Deakin/SIT753_Professional Practice in IT/OnTrackTasks/7.3HD/SIT753-S224734529/src/controllers/adminUserController.js","statementMap":{"0":{"start":{"line":1,"column":13},"end":{"line":1,"column":38}},"1":{"start":{"line":4,"column":0},"end":{"line":11,"column":2}},"2":{"start":{"line":5,"column":2},"end":{"line":10,"column":3}},"3":{"start":{"line":6,"column":18},"end":{"line":6,"column":81}},"4":{"start":{"line":7,"column":4},"end":{"line":7,"column":20}},"5":{"start":{"line":9,"column":4},"end":{"line":9,"column":64}},"6":{"start":{"line":14,"column":0},"end":{"line":21,"column":2}},"7":{"start":{"line":15,"column":2},"end":{"line":20,"column":3}},"8":{"start":{"line":16,"column":4},"end":{"line":16,"column":48}},"9":{"start":{"line":17,"column":4},"end":{"line":17,"column":43}},"10":{"start":{"line":19,"column":4},"end":{"line":19,"column":64}},"11":{"start":{"line":24,"column":0},"end":{"line":31,"column":2}},"12":{"start":{"line":25,"column":2},"end":{"line":30,"column":3}},"13":{"start":{"line":26,"column":4},"end":{"line":26,"column":77}},"14":{"start":{"line":27,"column":4},"end":{"line":27,"column":50}},"15":{"start":{"line":29,"column":4},"end":{"line":29,"column":71}},"16":{"start":{"line":34,"column":0},"end":{"line":45,"column":2}},"17":{"start":{"line":35,"column":2},"end":{"line":44,"column":3}},"18":{"start":{"line":36,"column":20},"end":{"line":36,"column":28}},"19":{"start":{"line":37,"column":4},"end":{"line":39,"column":5}},"20":{"start":{"line":38,"column":6},"end":{"line":38,"column":72}},"21":{"start":{"line":40,"column":4},"end":{"line":40,"column":49}},"22":{"start":{"line":41,"column":4},"end":{"line":41,"column":53}},"23":{"start":{"line":43,"column":4},"end":{"line":43,"column":70}}},"fnMap":{"0":{"name":"(anonymous_0)","decl":{"start":{"line":4,"column":22},"end":{"line":4,"column":23}},"loc":{"start":{"line":4,"column":42},"end":{"line":11,"column":1}},"line":4},"1":{"name":"(anonymous_1)","decl":{"start":{"line":14,"column":21},"end":{"line":14,"column":22}},"loc":{"start":{"line":14,"column":41},"end":{"line":21,"column":1}},"line":14},"2":{"name":"(anonymous_2)","decl":{"start":{"line":24,"column":27},"end":{"line":24,"column":28}},"loc":{"start":{"line":24,"column":47},"end":{"line":31,"column":1}},"line":24},"3":{"name":"(anonymous_3)","decl":{"start":{"line":34,"column":26},"end":{"line":34,"column":27}},"loc":{"start":{"line":34,"column":46},"end":{"line":45,"column":1}},"line":34}},"branchMap":{"0":{"loc":{"start":{"line":37,"column":4},"end":{"line":39,"column":5}},"type":"if","locations":[{"start":{"line":37,"column":4},"end":{"line":39,"column":5}},{"start":{},"end":{}}],"line":37},"1":{"loc":{"start":{"line":37,"column":8},"end":{"line":37,"column":47}},"type":"binary-expr","locations":[{"start":{"line":37,"column":8},"end":{"line":37,"column":27}},{"start":{"line":37,"column":31},"end":{"line":37,"column":47}}],"line":37}},"s":{"0":1,"1":1,"2":0,"3":0,"4":0,"5":0,"6":1,"7":0,"8":0,"9":0,"10":0,"11":1,"12":0,"13":0,"14":0,"15":0,"16":1,"17":0,"18":0,"19":0,"20":0,"21":0,"22":0,"23":0},"f":{"0":0,"1":0,"2":0,"3":0},"b":{"0":[0,0],"1":[0,0]},"_coverageSchema":"1a1c01bbd47fc00a2c39e90264f33305004495a9","hash":"58f730d67229c003a9e438cc1055af97c1446481"}
,"/Users/savvy/Documents/Deakin/SIT753_Professional Practice in IT/OnTrackTasks/7.3HD/SIT753-S224734529/src/controllers/courseController.js": {"path":"/Users/savvy/Documents/Deakin/SIT753_Professional Practice in IT/OnTrackTasks/7.3HD/SIT753-S224734529/src/controllers/courseController.js","statementMap":{"0":{"start":{"line":1,"column":15},"end":{"line":1,"column":42}},"1":{"start":{"line":4,"column":0},"end":{"line":16,"column":2}},"2":{"start":{"line":5,"column":2},"end":{"line":15,"column":3}},"3":{"start":{"line":6,"column":32},"end":{"line":6,"column":40}},"4":{"start":{"line":7,"column":4},"end":{"line":9,"column":5}},"5":{"start":{"line":8,"column":6},"end":{"line":8,"column":81}},"6":{"start":{"line":10,"column":16},"end":{"line":10,"column":36}},"7":{"start":{"line":11,"column":4},"end":{"line":11,"column":21}},"8":{"start":{"line":12,"column":4},"end":{"line":12,"column":30}},"9":{"start":{"line":14,"column":4},"end":{"line":14,"column":49}},"10":{"start":{"line":19,"column":0},"end":{"line":41,"column":2}},"11":{"start":{"line":20,"column":2},"end":{"line":40,"column":3}},"12":{"start":{"line":21,"column":21},"end":{"line":21,"column":34}},"13":{"start":{"line":22,"column":39},"end":{"line":22,"column":47}},"14":{"start":{"line":24,"column":18},"end":{"line":24,"column":33}},"15":{"start":{"line":25,"column":4},"end":{"line":29,"column":5}},"16":{"start":{"line":26,"column":6},"end":{"line":26,"column":24}},"17":{"start":{"line":27,"column":11},"end":{"line":29,"column":5}},"18":{"start":{"line":28,"column":6},"end":{"line":28,"column":22}},"19":{"start":{"line":31,"column":16},"end":{"line":35,"column":5}},"20":{"start":{"line":36,"column":4},"end":{"line":36,"column":73}},"21":{"start":{"line":36,"column":14},"end":{"line":36,"column":73}},"22":{"start":{"line":37,"column":4},"end":{"line":37,"column":63}},"23":{"start":{"line":39,"column":4},"end":{"line":39,"column":49}},"24":{"start":{"line":44,"column":0},"end":{"line":52,"column":2}},"25":{"start":{"line":45,"column":2},"end":{"line":51,"column":3}},"26":{"start":{"line":46,"column":16},"end":{"line":46,"column":61}},"27":{"start":{"line":47,"column":4},"end":{"line":47,"column":73}},"28":{"start":{"line":47,"column":14},"end":{"line":47,"column":73}},"29":{"start":{"line":48,"column":4},"end":{"line":48,"column":44}},"30":{"start":{"line":50,"column":4},"end":{"line":50,"column":49}},"31":{"start":{"line":56,"column":0},"end":{"line":82,"column":2}},"32":{"start":{"line":57,"column":2},"end":{"line":81,"column":3}},"33":{"start":{"line":58,"column":55},"end":{"line":58,"column":64}},"34":{"start":{"line":59,"column":19},"end":{"line":59,"column":21}},"35":{"start":{"line":60,"column":4},"end":{"line":60,"column":45}},"36":{"start":{"line":60,"column":18},"end":{"line":60,"column":45}},"37":{"start":{"line":61,"column":4},"end":{"line":61,"column":51}},"38":{"start":{"line":61,"column":20},"end":{"line":61,"column":51}},"39":{"start":{"line":62,"column":4},"end":{"line":62,"column":65}},"40":{"start":{"line":62,"column":16},"end":{"line":62,"column":65}},"41":{"start":{"line":65,"column":20},"end":{"line":65,"column":57}},"42":{"start":{"line":66,"column":4},"end":{"line":75,"column":5}},"43":{"start":{"line":67,"column":18},"end":{"line":67,"column":48}},"44":{"start":{"line":68,"column":6},"end":{"line":72,"column":7}},"45":{"start":{"line":69,"column":8},"end":{"line":69,"column":33}},"46":{"start":{"line":70,"column":13},"end":{"line":72,"column":7}},"47":{"start":{"line":71,"column":8},"end":{"line":71,"column":42}},"48":{"start":{"line":73,"column":11},"end":{"line":75,"column":5}},"49":{"start":{"line":74,"column":6},"end":{"line":74,"column":40}},"50":{"start":{"line":77,"column":20},"end":{"line":77,"column":45}},"51":{"start":{"line":78,"column":4},"end":{"line":78,"column":22}},"52":{"start":{"line":80,"column":4},"end":{"line":80,"column":49}},"53":{"start":{"line":85,"column":0},"end":{"line":97,"column":2}},"54":{"start":{"line":86,"column":2},"end":{"line":96,"column":3}},"55":{"start":{"line":87,"column":16},"end":{"line":87,"column":52}},"56":{"start":{"line":88,"column":4},"end":{"line":88,"column":73}},"57":{"start":{"line":88,"column":14},"end":{"line":88,"column":73}},"58":{"start":{"line":89,"column":20},"end":{"line":89,"column":57}},"59":{"start":{"line":90,"column":4},"end":{"line":92,"column":5}},"60":{"start":{"line":91,"column":6},"end":{"line":91,"column":65}},"61":{"start":{"line":93,"column":4},"end":{"line":93,"column":18}},"62":{"start":{"line":95,"column":4},"end":{"line":95,"column":49}},"63":{"start":{"line":100,"column":0},"end":{"line":108,"column":2}},"64":{"start":{"line":101,"column":2},"end":{"line":107,"column":3}},"65":{"start":{"line":102,"column":16},"end":{"line":102,"column":86}},"66":{"start":{"line":103,"column":4},"end":{"line":103,"column":73}},"67":{"start":{"line":103,"column":14},"end":{"line":103,"column":73}},"68":{"start":{"line":104,"column":4},"end":{"line":104,"column":18}},"69":{"start":{"line":106,"column":4},"end":{"line":106,"column":49}},"70":{"start":{"line":112,"column":0},"end":{"line":123,"column":2}},"71":{"start":{"line":113,"column":2},"end":{"line":122,"column":3}},"72":{"start":{"line":114,"column":20},"end":{"line":114,"column":28}},"73":{"start":{"line":115,"column":4},"end":{"line":117,"column":5}},"74":{"start":{"line":116,"column":6},"end":{"line":116,"column":75}},"75":{"start":{"line":118,"column":4},"end":{"line":118,"column":51}},"76":{"start":{"line":119,"column":4},"end":{"line":119,"column":70}},"77":{"start":{"line":121,"column":4},"end":{"line":121,"column":49}},"78":{"start":{"line":126,"column":0},"end":{"line":141,"column":2}},"79":{"start":{"line":127,"column":2},"end":{"line":140,"column":3}},"80":{"start":{"line":128,"column":32},"end":{"line":128,"column":40}},"81":{"start":{"line":129,"column":4},"end":{"line":131,"column":5}},"82":{"start":{"line":130,"column":6},"end":{"line":130,"column":75}},"83":{"start":{"line":132,"column":25},"end":{"line":132,"column":76}},"84":{"start":{"line":133,"column":19},"end":{"line":136,"column":5}},"85":{"start":{"line":137,"column":4},"end":{"line":137,"column":224}},"86":{"start":{"line":139,"column":4},"end":{"line":139,"column":49}}},"fnMap":{"0":{"name":"(anonymous_0)","decl":{"start":{"line":4,"column":23},"end":{"line":4,"column":24}},"loc":{"start":{"line":4,"column":43},"end":{"line":16,"column":1}},"line":4},"1":{"name":"(anonymous_1)","decl":{"start":{"line":19,"column":23},"end":{"line":19,"column":24}},"loc":{"start":{"line":19,"column":43},"end":{"line":41,"column":1}},"line":19},"2":{"name":"(anonymous_2)","decl":{"start":{"line":44,"column":23},"end":{"line":44,"column":24}},"loc":{"start":{"line":44,"column":43},"end":{"line":52,"column":1}},"line":44},"3":{"name":"(anonymous_3)","decl":{"start":{"line":56,"column":21},"end":{"line":56,"column":22}},"loc":{"start":{"line":56,"column":41},"end":{"line":82,"column":1}},"line":56},"4":{"name":"(anonymous_4)","decl":{"start":{"line":85,"column":24},"end":{"line":85,"column":25}},"loc":{"start":{"line":85,"column":44},"end":{"line":97,"column":1}},"line":85},"5":{"name":"(anonymous_5)","decl":{"start":{"line":100,"column":23},"end":{"line":100,"column":24}},"loc":{"start":{"line":100,"column":43},"end":{"line":108,"column":1}},"line":100},"6":{"name":"(anonymous_6)","decl":{"start":{"line":112,"column":28},"end":{"line":112,"column":29}},"loc":{"start":{"line":112,"column":48},"end":{"line":123,"column":1}},"line":112},"7":{"name":"(anonymous_7)","decl":{"start":{"line":126,"column":29},"end":{"line":126,"column":30}},"loc":{"start":{"line":126,"column":49},"end":{"line":141,"column":1}},"line":126}},"branchMap":{"0":{"loc":{"start":{"line":7,"column":4},"end":{"line":9,"column":5}},"type":"if","locations":[{"start":{"line":7,"column":4},"end":{"line":9,"column":5}},{"start":{},"end":{}}],"line":7},"1":{"loc":{"start":{"line":7,"column":8},"end":{"line":7,"column":27}},"type":"binary-expr","locations":[{"start":{"line":7,"column":8},"end":{"line":7,"column":14}},{"start":{"line":7,"column":18},"end":{"line":7,"column":27}}],"line":7},"2":{"loc":{"start":{"line":25,"column":4},"end":{"line":29,"column":5}},"type":"if","locations":[{"start":{"line":25,"column":4},"end":{"line":29,"column":5}},{"start":{"line":27,"column":11},"end":{"line":29,"column":5}}],"line":25},"3":{"loc":{"start":{"line":27,"column":11},"end":{"line":29,"column":5}},"type":"if","locations":[{"start":{"line":27,"column":11},"end":{"line":29,"column":5}},{"start":{},"end":{}}],"line":27},"4":{"loc":{"start":{"line":36,"column":4},"end":{"line":36,"column":73}},"type":"if","locations":[{"start":{"line":36,"column":4},"end":{"line":36,"column":73}},{"start":{},"end":{}}],"line":36},"5":{"loc":{"start":{"line":47,"column":4},"end":{"line":47,"column":73}},"type":"if","locations":[{"start":{"line":47,"column":4},"end":{"line":47,"column":73}},{"start":{},"end":{}}],"line":47},"6":{"loc":{"start":{"line":60,"column":4},"end":{"line":60,"column":45}},"type":"if","locations":[{"start":{"line":60,"column":4},"end":{"line":60,"column":45}},{"start":{},"end":{}}],"line":60},"7":{"loc":{"start":{"line":61,"column":4},"end":{"line":61,"column":51}},"type":"if","locations":[{"start":{"line":61,"column":4},"end":{"line":61,"column":51}},{"start":{},"end":{}}],"line":61},"8":{"loc":{"start":{"line":62,"column":4},"end":{"line":62,"column":65}},"type":"if","locations":[{"start":{"line":62,"column":4},"end":{"line":62,"column":65}},{"start":{},"end":{}}],"line":62},"9":{"loc":{"start":{"line":65,"column":20},"end":{"line":65,"column":57}},"type":"binary-expr","locations":[{"start":{"line":65,"column":20},"end":{"line":65,"column":28}},{"start":{"line":65,"column":32},"end":{"line":65,"column":57}}],"line":65},"10":{"loc":{"start":{"line":66,"column":4},"end":{"line":75,"column":5}},"type":"if","locations":[{"start":{"line":66,"column":4},"end":{"line":75,"column":5}},{"start":{"line":73,"column":11},"end":{"line":75,"column":5}}],"line":66},"11":{"loc":{"start":{"line":68,"column":6},"end":{"line":72,"column":7}},"type":"if","locations":[{"start":{"line":68,"column":6},"end":{"line":72,"column":7}},{"start":{"line":70,"column":13},"end":{"line":72,"column":7}}],"line":68},"12":{"loc":{"start":{"line":68,"column":10},"end":{"line":68,"column":42}},"type":"binary-expr","locations":[{"start":{"line":68,"column":10},"end":{"line":68,"column":24}},{"start":{"line":68,"column":28},"end":{"line":68,"column":42}}],"line":68},"13":{"loc":{"start":{"line":70,"column":13},"end":{"line":72,"column":7}},"type":"if","locations":[{"start":{"line":70,"column":13},"end":{"line":72,"column":7}},{"start":{},"end":{}}],"line":70},"14":{"loc":{"start":{"line":70,"column":17},"end":{"line":70,"column":52}},"type":"binary-expr","locations":[{"start":{"line":70,"column":17},"end":{"line":70,"column":32}},{"start":{"line":70,"column":36},"end":{"line":70,"column":52}}],"line":70},"15":{"loc":{"start":{"line":73,"column":11},"end":{"line":75,"column":5}},"type":"if","locations":[{"start":{"line":73,"column":11},"end":{"line":75,"column":5}},{"start":{},"end":{}}],"line":73},"16":{"loc":{"start":{"line":88,"column":4},"end":{"line":88,"column":73}},"type":"if","locations":[{"start":{"line":88,"column":4},"end":{"line":88,"column":73}},{"start":{},"end":{}}],"line":88},"17":{"loc":{"start":{"line":89,"column":20},"end":{"line":89,"column":57}},"type":"binary-expr","locations":[{"start":{"line":89,"column":20},"end":{"line":89,"column":28}},{"start":{"line":89,"column":32},"end":{"line":89,"column":57}}],"line":89},"18":{"loc":{"start":{"line":90,"column":4},"end":{"line":92,"column":5}},"type":"if","locations":[{"start":{"line":90,"column":4},"end":{"line":92,"column":5}},{"start":{},"end":{}}],"line":90},"19":{"loc":{"start":{"line":90,"column":8},"end":{"line":90,"column":34}},"type":"binary-expr","locations":[{"start":{"line":90,"column":8},"end":{"line":90,"column":22}},{"start":{"line":90,"column":26},"end":{"line":90,"column":34}}],"line":90},"20":{"loc":{"start":{"line":103,"column":4},"end":{"line":103,"column":73}},"type":"if","locations":[{"start":{"line":103,"column":4},"end":{"line":103,"column":73}},{"start":{},"end":{}}],"line":103},"21":{"loc":{"start":{"line":115,"column":4},"end":{"line":117,"column":5}},"type":"if","locations":[{"start":{"line":115,"column":4},"end":{"line":117,"column":5}},{"start":{},"end":{}}],"line":115},"22":{"loc":{"start":{"line":115,"column":8},"end":{"line":115,"column":55}},"type":"binary-expr","locations":[{"start":{"line":115,"column":8},"end":{"line":115,"column":12}},{"start":{"line":115,"column":16},"end":{"line":115,"column":35}},{"start":{"line":115,"column":39},"end":{"line":115,"column":55}}],"line":115},"23":{"loc":{"start":{"line":129,"column":4},"end":{"line":131,"column":5}},"type":"if","locations":[{"start":{"line":129,"column":4},"end":{"line":131,"column":5}},{"start":{},"end":{}}],"line":129},"24":{"loc":{"start":{"line":129,"column":8},"end":{"line":129,"column":55}},"type":"binary-expr","locations":[{"start":{"line":129,"column":8},"end":{"line":129,"column":12}},{"start":{"line":129,"column":16},"end":{"line":129,"column":35}},{"start":{"line":129,"column":39},"end":{"line":129,"column":55}}],"line":129},"25":{"loc":{"start":{"line":132,"column":25},"end":{"line":132,"column":76}},"type":"cond-expr","locations":[{"start":{"line":132,"column":59},"end":{"line":132,"column":69}},{"start":{"line":132,"column":72},"end":{"line":132,"column":76}}],"line":132},"26":{"loc":{"start":{"line":137,"column":36},"end":{"line":137,"column":118}},"type":"cond-expr","locations":[{"start":{"line":137,"column":51},"end":{"line":137,"column":82}},{"start":{"line":137,"column":85},"end":{"line":137,"column":118}}],"line":137},"27":{"loc":{"start":{"line":137,"column":129},"end":{"line":137,"column":168}},"type":"binary-expr","locations":[{"start":{"line":137,"column":129},"end":{"line":137,"column":148}},{"start":{"line":137,"column":152},"end":{"line":137,"column":168}}],"line":137},"28":{"loc":{"start":{"line":137,"column":180},"end":{"line":137,"column":220}},"type":"binary-expr","locations":[{"start":{"line":137,"column":180},"end":{"line":137,"column":200}},{"start":{"line":137,"column":204},"end":{"line":137,"column":220}}],"line":137}},"s":{"0":1,"1":1,"2":0,"3":0,"4":0,"5":0,"6":0,"7":0,"8":0,"9":0,"10":1,"11":0,"12":0,"13":0,"14":0,"15":0,"16":0,"17":0,"18":0,"19":0,"20":0,"21":0,"22":0,"23":0,"24":1,"25":0,"26":0,"27":0,"28":0,"29":0,"30":0,"31":1,"32":0,"33":0,"34":0,"35":0,"36":0,"37":0,"38":0,"39":0,"40":0,"41":0,"42":0,"43":0,"44":0,"45":0,"46":0,"47":0,"48":0,"49":0,"50":0,"51":0,"52":0,"53":1,"54":0,"55":0,"56":0,"57":0,"58":0,"59":0,"60":0,"61":0,"62":0,"63":1,"64":0,"65":0,"66":0,"67":0,"68":0,"69":0,"70":1,"71":0,"72":0,"73":0,"74":0,"75":0,"76":0,"77":0,"78":1,"79":0,"80":0,"81":0,"82":0,"83":0,"84":0,"85":0,"86":0},"f":{"0":0,"1":0,"2":0,"3":0,"4":0,"5":0,"6":0,"7":0},"b":{"0":[0,0],"1":[0,0],"2":[0,0],"3":[0,0],"4":[0,0],"5":[0,0],"6":[0,0],"7":[0,0],"8":[0,0],"9":[0,0],"10":[0,0],"11":[0,0],"12":[0,0],"13":[0,0],"14":[0,0],"15":[0,0],"16":[0,0],"17":[0,0],"18":[0,0],"19":[0,0],"20":[0,0],"21":[0,0],"22":[0,0,0],"23":[0,0],"24":[0,0,0],"25":[0,0],"26":[0,0],"27":[0,0],"28":[0,0]},"_coverageSchema":"1a1c01bbd47fc00a2c39e90264f33305004495a9","hash":"59cdda81bd3a8a9f207d01eb27c74f46cba5a53c"}
,"/Users/savvy/Documents/Deakin/SIT753_Professional Practice in IT/OnTrackTasks/7.3HD/SIT753-S224734529/src/controllers/jobController.js": {"path":"/Users/savvy/Documents/Deakin/SIT753_Professional Practice in IT/OnTrackTasks/7.3HD/SIT753-S224734529/src/controllers/jobController.js","statementMap":{"0":{"start":{"line":207,"column":12},"end":{"line":207,"column":36}},"1":{"start":{"line":208,"column":17},"end":{"line":208,"column":46}},"2":{"start":{"line":211,"column":0},"end":{"line":241,"column":2}},"3":{"start":{"line":212,"column":2},"end":{"line":240,"column":3}},"4":{"start":{"line":213,"column":4},"end":{"line":213,"column":43}},"5":{"start":{"line":214,"column":56},"end":{"line":214,"column":64}},"6":{"start":{"line":215,"column":23},"end":{"line":215,"column":30}},"7":{"start":{"line":217,"column":4},"end":{"line":219,"column":5}},"8":{"start":{"line":218,"column":6},"end":{"line":218,"column":91}},"9":{"start":{"line":221,"column":22},"end":{"line":221,"column":64}},"10":{"start":{"line":222,"column":4},"end":{"line":224,"column":5}},"11":{"start":{"line":223,"column":6},"end":{"line":223,"column":62}},"12":{"start":{"line":226,"column":16},"end":{"line":232,"column":6}},"13":{"start":{"line":234,"column":21},"end":{"line":234,"column":37}},"14":{"start":{"line":235,"column":4},"end":{"line":235,"column":40}},"15":{"start":{"line":236,"column":4},"end":{"line":236,"column":35}},"16":{"start":{"line":238,"column":4},"end":{"line":238,"column":56}},"17":{"start":{"line":239,"column":4},"end":{"line":239,"column":53}},"18":{"start":{"line":244,"column":0},"end":{"line":271,"column":2}},"19":{"start":{"line":245,"column":2},"end":{"line":270,"column":3}},"20":{"start":{"line":246,"column":19},"end":{"line":246,"column":29}},"21":{"start":{"line":247,"column":56},"end":{"line":247,"column":64}},"22":{"start":{"line":248,"column":23},"end":{"line":248,"column":30}},"23":{"start":{"line":250,"column":22},"end":{"line":250,"column":64}},"24":{"start":{"line":251,"column":4},"end":{"line":253,"column":5}},"25":{"start":{"line":252,"column":6},"end":{"line":252,"column":62}},"26":{"start":{"line":255,"column":16},"end":{"line":259,"column":5}},"27":{"start":{"line":261,"column":4},"end":{"line":263,"column":5}},"28":{"start":{"line":262,"column":6},"end":{"line":262,"column":80}},"29":{"start":{"line":265,"column":4},"end":{"line":265,"column":37}},"30":{"start":{"line":266,"column":4},"end":{"line":266,"column":30}},"31":{"start":{"line":268,"column":4},"end":{"line":268,"column":56}},"32":{"start":{"line":269,"column":4},"end":{"line":269,"column":53}},"33":{"start":{"line":274,"column":0},"end":{"line":291,"column":2}},"34":{"start":{"line":275,"column":2},"end":{"line":290,"column":3}},"35":{"start":{"line":276,"column":19},"end":{"line":276,"column":29}},"36":{"start":{"line":277,"column":23},"end":{"line":277,"column":30}},"37":{"start":{"line":279,"column":16},"end":{"line":279,"column":67}},"38":{"start":{"line":281,"column":4},"end":{"line":283,"column":5}},"39":{"start":{"line":282,"column":6},"end":{"line":282,"column":80}},"40":{"start":{"line":285,"column":4},"end":{"line":285,"column":37}},"41":{"start":{"line":286,"column":4},"end":{"line":286,"column":66}},"42":{"start":{"line":288,"column":4},"end":{"line":288,"column":56}},"43":{"start":{"line":289,"column":4},"end":{"line":289,"column":53}},"44":{"start":{"line":294,"column":0},"end":{"line":315,"column":2}},"45":{"start":{"line":295,"column":2},"end":{"line":314,"column":3}},"46":{"start":{"line":296,"column":23},"end":{"line":296,"column":31}},"47":{"start":{"line":297,"column":23},"end":{"line":297,"column":30}},"48":{"start":{"line":299,"column":4},"end":{"line":301,"column":5}},"49":{"start":{"line":300,"column":6},"end":{"line":300,"column":51}},"50":{"start":{"line":303,"column":19},"end":{"line":303,"column":77}},"51":{"start":{"line":305,"column":4},"end":{"line":307,"column":5}},"52":{"start":{"line":306,"column":6},"end":{"line":306,"column":90}},"53":{"start":{"line":309,"column":4},"end":{"line":309,"column":47}},"54":{"start":{"line":310,"column":4},"end":{"line":310,"column":92}},"55":{"start":{"line":312,"column":4},"end":{"line":312,"column":62}},"56":{"start":{"line":313,"column":4},"end":{"line":313,"column":53}},"57":{"start":{"line":318,"column":0},"end":{"line":368,"column":2}},"58":{"start":{"line":319,"column":2},"end":{"line":367,"column":3}},"59":{"start":{"line":320,"column":26},"end":{"line":320,"column":102}},"60":{"start":{"line":321,"column":25},"end":{"line":321,"column":78}},"61":{"start":{"line":323,"column":24},"end":{"line":323,"column":26}},"62":{"start":{"line":324,"column":4},"end":{"line":326,"column":7}},"63":{"start":{"line":325,"column":6},"end":{"line":325,"column":52}},"64":{"start":{"line":328,"column":33},"end":{"line":352,"column":6}},"65":{"start":{"line":354,"column":27},"end":{"line":360,"column":6}},"66":{"start":{"line":355,"column":23},"end":{"line":355,"column":124}},"67":{"start":{"line":355,"column":56},"end":{"line":355,"column":101}},"68":{"start":{"line":356,"column":6},"end":{"line":359,"column":8}},"69":{"start":{"line":362,"column":4},"end":{"line":362,"column":58}},"70":{"start":{"line":363,"column":4},"end":{"line":363,"column":41}},"71":{"start":{"line":365,"column":4},"end":{"line":365,"column":68}},"72":{"start":{"line":366,"column":4},"end":{"line":366,"column":72}},"73":{"start":{"line":371,"column":0},"end":{"line":395,"column":2}},"74":{"start":{"line":372,"column":2},"end":{"line":394,"column":3}},"75":{"start":{"line":373,"column":50},"end":{"line":373,"column":58}},"76":{"start":{"line":374,"column":23},"end":{"line":374,"column":30}},"77":{"start":{"line":376,"column":4},"end":{"line":378,"column":5}},"78":{"start":{"line":377,"column":6},"end":{"line":377,"column":85}},"79":{"start":{"line":380,"column":16},"end":{"line":380,"column":61}},"80":{"start":{"line":382,"column":4},"end":{"line":384,"column":5}},"81":{"start":{"line":383,"column":6},"end":{"line":383,"column":80}},"82":{"start":{"line":386,"column":4},"end":{"line":386,"column":81}},"83":{"start":{"line":387,"column":23},"end":{"line":387,"column":39}},"84":{"start":{"line":389,"column":4},"end":{"line":389,"column":50}},"85":{"start":{"line":390,"column":4},"end":{"line":390,"column":99}},"86":{"start":{"line":392,"column":4},"end":{"line":392,"column":60}},"87":{"start":{"line":393,"column":4},"end":{"line":393,"column":53}},"88":{"start":{"line":398,"column":0},"end":{"line":415,"column":2}},"89":{"start":{"line":399,"column":2},"end":{"line":414,"column":3}},"90":{"start":{"line":400,"column":17},"end":{"line":402,"column":57}},"91":{"start":{"line":403,"column":4},"end":{"line":403,"column":61}},"92":{"start":{"line":404,"column":4},"end":{"line":406,"column":5}},"93":{"start":{"line":405,"column":6},"end":{"line":405,"column":58}},"94":{"start":{"line":407,"column":4},"end":{"line":410,"column":9}},"95":{"start":{"line":407,"column":42},"end":{"line":410,"column":5}},"96":{"start":{"line":412,"column":4},"end":{"line":412,"column":57}},"97":{"start":{"line":413,"column":4},"end":{"line":413,"column":61}},"98":{"start":{"line":418,"column":0},"end":{"line":433,"column":2}},"99":{"start":{"line":419,"column":2},"end":{"line":432,"column":3}},"100":{"start":{"line":420,"column":23},"end":{"line":420,"column":30}},"101":{"start":{"line":421,"column":17},"end":{"line":423,"column":48}},"102":{"start":{"line":424,"column":4},"end":{"line":424,"column":48}},"103":{"start":{"line":425,"column":4},"end":{"line":427,"column":5}},"104":{"start":{"line":426,"column":6},"end":{"line":426,"column":82}},"105":{"start":{"line":428,"column":4},"end":{"line":428,"column":31}},"106":{"start":{"line":430,"column":4},"end":{"line":430,"column":66}},"107":{"start":{"line":431,"column":4},"end":{"line":431,"column":70}}},"fnMap":{"0":{"name":"(anonymous_0)","decl":{"start":{"line":211,"column":20},"end":{"line":211,"column":21}},"loc":{"start":{"line":211,"column":40},"end":{"line":241,"column":1}},"line":211},"1":{"name":"(anonymous_1)","decl":{"start":{"line":244,"column":20},"end":{"line":244,"column":21}},"loc":{"start":{"line":244,"column":40},"end":{"line":271,"column":1}},"line":244},"2":{"name":"(anonymous_2)","decl":{"start":{"line":274,"column":20},"end":{"line":274,"column":21}},"loc":{"start":{"line":274,"column":40},"end":{"line":291,"column":1}},"line":274},"3":{"name":"(anonymous_3)","decl":{"start":{"line":294,"column":25},"end":{"line":294,"column":26}},"loc":{"start":{"line":294,"column":45},"end":{"line":315,"column":1}},"line":294},"4":{"name":"(anonymous_4)","decl":{"start":{"line":318,"column":28},"end":{"line":318,"column":29}},"loc":{"start":{"line":318,"column":48},"end":{"line":368,"column":1}},"line":318},"5":{"name":"(anonymous_5)","decl":{"start":{"line":324,"column":25},"end":{"line":324,"column":26}},"loc":{"start":{"line":324,"column":32},"end":{"line":326,"column":5}},"line":324},"6":{"name":"(anonymous_6)","decl":{"start":{"line":354,"column":45},"end":{"line":354,"column":46}},"loc":{"start":{"line":354,"column":53},"end":{"line":360,"column":5}},"line":354},"7":{"name":"(anonymous_7)","decl":{"start":{"line":355,"column":49},"end":{"line":355,"column":50}},"loc":{"start":{"line":355,"column":56},"end":{"line":355,"column":101}},"line":355},"8":{"name":"(anonymous_8)","decl":{"start":{"line":371,"column":22},"end":{"line":371,"column":23}},"loc":{"start":{"line":371,"column":42},"end":{"line":395,"column":1}},"line":371},"9":{"name":"(anonymous_9)","decl":{"start":{"line":398,"column":18},"end":{"line":398,"column":19}},"loc":{"start":{"line":398,"column":38},"end":{"line":415,"column":1}},"line":398},"10":{"name":"(anonymous_10)","decl":{"start":{"line":407,"column":34},"end":{"line":407,"column":35}},"loc":{"start":{"line":407,"column":42},"end":{"line":410,"column":5}},"line":407},"11":{"name":"(anonymous_11)","decl":{"start":{"line":418,"column":26},"end":{"line":418,"column":27}},"loc":{"start":{"line":418,"column":46},"end":{"line":433,"column":1}},"line":418}},"branchMap":{"0":{"loc":{"start":{"line":217,"column":4},"end":{"line":219,"column":5}},"type":"if","locations":[{"start":{"line":217,"column":4},"end":{"line":219,"column":5}},{"start":{},"end":{}}],"line":217},"1":{"loc":{"start":{"line":217,"column":8},"end":{"line":217,"column":57}},"type":"binary-expr","locations":[{"start":{"line":217,"column":8},"end":{"line":217,"column":14}},{"start":{"line":217,"column":18},"end":{"line":217,"column":27}},{"start":{"line":217,"column":31},"end":{"line":217,"column":40}},{"start":{"line":217,"column":44},"end":{"line":217,"column":57}}],"line":217},"2":{"loc":{"start":{"line":222,"column":4},"end":{"line":224,"column":5}},"type":"if","locations":[{"start":{"line":222,"column":4},"end":{"line":224,"column":5}},{"start":{},"end":{}}],"line":222},"3":{"loc":{"start":{"line":251,"column":4},"end":{"line":253,"column":5}},"type":"if","locations":[{"start":{"line":251,"column":4},"end":{"line":253,"column":5}},{"start":{},"end":{}}],"line":251},"4":{"loc":{"start":{"line":251,"column":8},"end":{"line":251,"column":32}},"type":"binary-expr","locations":[{"start":{"line":251,"column":8},"end":{"line":251,"column":20}},{"start":{"line":251,"column":24},"end":{"line":251,"column":32}}],"line":251},"5":{"loc":{"start":{"line":257,"column":25},"end":{"line":257,"column":66}},"type":"cond-expr","locations":[{"start":{"line":257,"column":39},"end":{"line":257,"column":54}},{"start":{"line":257,"column":57},"end":{"line":257,"column":66}}],"line":257},"6":{"loc":{"start":{"line":261,"column":4},"end":{"line":263,"column":5}},"type":"if","locations":[{"start":{"line":261,"column":4},"end":{"line":263,"column":5}},{"start":{},"end":{}}],"line":261},"7":{"loc":{"start":{"line":281,"column":4},"end":{"line":283,"column":5}},"type":"if","locations":[{"start":{"line":281,"column":4},"end":{"line":283,"column":5}},{"start":{},"end":{}}],"line":281},"8":{"loc":{"start":{"line":299,"column":4},"end":{"line":301,"column":5}},"type":"if","locations":[{"start":{"line":299,"column":4},"end":{"line":301,"column":5}},{"start":{},"end":{}}],"line":299},"9":{"loc":{"start":{"line":299,"column":8},"end":{"line":299,"column":64}},"type":"binary-expr","locations":[{"start":{"line":299,"column":8},"end":{"line":299,"column":15}},{"start":{"line":299,"column":19},"end":{"line":299,"column":41}},{"start":{"line":299,"column":45},"end":{"line":299,"column":64}}],"line":299},"10":{"loc":{"start":{"line":305,"column":4},"end":{"line":307,"column":5}},"type":"if","locations":[{"start":{"line":305,"column":4},"end":{"line":307,"column":5}},{"start":{},"end":{}}],"line":305},"11":{"loc":{"start":{"line":355,"column":23},"end":{"line":355,"column":124}},"type":"binary-expr","locations":[{"start":{"line":355,"column":23},"end":{"line":355,"column":102}},{"start":{"line":355,"column":106},"end":{"line":355,"column":124}}],"line":355},"12":{"loc":{"start":{"line":376,"column":4},"end":{"line":378,"column":5}},"type":"if","locations":[{"start":{"line":376,"column":4},"end":{"line":378,"column":5}},{"start":{},"end":{}}],"line":376},"13":{"loc":{"start":{"line":376,"column":8},"end":{"line":376,"column":48}},"type":"binary-expr","locations":[{"start":{"line":376,"column":8},"end":{"line":376,"column":14}},{"start":{"line":376,"column":18},"end":{"line":376,"column":32}},{"start":{"line":376,"column":36},"end":{"line":376,"column":48}}],"line":376},"14":{"loc":{"start":{"line":382,"column":4},"end":{"line":384,"column":5}},"type":"if","locations":[{"start":{"line":382,"column":4},"end":{"line":384,"column":5}},{"start":{},"end":{}}],"line":382},"15":{"loc":{"start":{"line":404,"column":4},"end":{"line":406,"column":5}},"type":"if","locations":[{"start":{"line":404,"column":4},"end":{"line":406,"column":5}},{"start":{},"end":{}}],"line":404},"16":{"loc":{"start":{"line":409,"column":16},"end":{"line":409,"column":60}},"type":"cond-expr","locations":[{"start":{"line":409,"column":31},"end":{"line":409,"column":48}},{"start":{"line":409,"column":51},"end":{"line":409,"column":60}}],"line":409},"17":{"loc":{"start":{"line":425,"column":4},"end":{"line":427,"column":5}},"type":"if","locations":[{"start":{"line":425,"column":4},"end":{"line":427,"column":5}},{"start":{},"end":{}}],"line":425}},"s":{"0":1,"1":1,"2":1,"3":0,"4":0,"5":0,"6":0,"7":0,"8":0,"9":0,"10":0,"11":0,"12":0,"13":0,"14":0,"15":0,"16":0,"17":0,"18":1,"19":0,"20":0,"21":0,"22":0,"23":0,"24":0,"25":0,"26":0,"27":0,"28":0,"29":0,"30":0,"31":0,"32":0,"33":1,"34":0,"35":0,"36":0,"37":0,"38":0,"39":0,"40":0,"41":0,"42":0,"43":0,"44":1,"45":0,"46":0,"47":0,"48":0,"49":0,"50":0,"51":0,"52":0,"53":0,"54":0,"55":0,"56":0,"57":1,"58":0,"59":0,"60":0,"61":0,"62":0,"63":0,"64":0,"65":0,"66":0,"67":0,"68":0,"69":0,"70":0,"71":0,"72":0,"73":1,"74":0,"75":0,"76":0,"77":0,"78":0,"79":0,"80":0,"81":0,"82":0,"83":0,"84":0,"85":0,"86":0,"87":0,"88":1,"89":0,"90":0,"91":0,"92":0,"93":0,"94":0,"95":0,"96":0,"97":0,"98":1,"99":0,"100":0,"101":0,"102":0,"103":0,"104":0,"105":0,"106":0,"107":0},"f":{"0":0,"1":0,"2":0,"3":0,"4":0,"5":0,"6":0,"7":0,"8":0,"9":0,"10":0,"11":0},"b":{"0":[0,0],"1":[0,0,0,0],"2":[0,0],"3":[0,0],"4":[0,0],"5":[0,0],"6":[0,0],"7":[0,0],"8":[0,0],"9":[0,0,0],"10":[0,0],"11":[0,0],"12":[0,0],"13":[0,0,0],"14":[0,0],"15":[0,0],"16":[0,0],"17":[0,0]},"_coverageSchema":"1a1c01bbd47fc00a2c39e90264f33305004495a9","hash":"10afde603e6be44096391ee25bd46aa232680958"}
,"/Users/savvy/Documents/Deakin/SIT753_Professional Practice in IT/OnTrackTasks/7.3HD/SIT753-S224734529/src/controllers/jobMatchController.js": {"path":"/Users/savvy/Documents/Deakin/SIT753_Professional Practice in IT/OnTrackTasks/7.3HD/SIT753-S224734529/src/controllers/jobMatchController.js","statementMap":{"0":{"start":{"line":1,"column":22},"end":{"line":1,"column":56}},"1":{"start":{"line":2,"column":21},"end":{"line":2,"column":45}},"2":{"start":{"line":3,"column":21},"end":{"line":3,"column":50}},"3":{"start":{"line":5,"column":23},"end":{"line":5,"column":55}},"4":{"start":{"line":6,"column":26},"end":{"line":6,"column":64}},"5":{"start":{"line":9,"column":0},"end":{"line":100,"column":2}},"6":{"start":{"line":10,"column":2},"end":{"line":99,"column":3}},"7":{"start":{"line":11,"column":18},"end":{"line":11,"column":62}},"8":{"start":{"line":12,"column":22},"end":{"line":12,"column":65}},"9":{"start":{"line":15,"column":18},"end":{"line":15,"column":72}},"10":{"start":{"line":17,"column":4},"end":{"line":19,"column":5}},"11":{"start":{"line":18,"column":6},"end":{"line":18,"column":63}},"12":{"start":{"line":22,"column":22},"end":{"line":22,"column":94}},"13":{"start":{"line":22,"column":44},"end":{"line":22,"column":76}},"14":{"start":{"line":25,"column":28},"end":{"line":29,"column":5}},"15":{"start":{"line":26,"column":25},"end":{"line":27,"column":63}},"16":{"start":{"line":27,"column":22},"end":{"line":27,"column":62}},"17":{"start":{"line":28,"column":18},"end":{"line":28,"column":38}},"18":{"start":{"line":31,"column":30},"end":{"line":36,"column":5}},"19":{"start":{"line":32,"column":25},"end":{"line":34,"column":33}},"20":{"start":{"line":33,"column":21},"end":{"line":33,"column":42}},"21":{"start":{"line":34,"column":18},"end":{"line":34,"column":32}},"22":{"start":{"line":39,"column":27},"end":{"line":39,"column":29}},"23":{"start":{"line":40,"column":4},"end":{"line":46,"column":5}},"24":{"start":{"line":41,"column":19},"end":{"line":44,"column":14}},"25":{"start":{"line":45,"column":6},"end":{"line":45,"column":54}},"26":{"start":{"line":45,"column":39},"end":{"line":45,"column":52}},"27":{"start":{"line":48,"column":29},"end":{"line":48,"column":78}},"28":{"start":{"line":51,"column":4},"end":{"line":53,"column":5}},"29":{"start":{"line":52,"column":6},"end":{"line":52,"column":66}},"30":{"start":{"line":56,"column":26},"end":{"line":64,"column":13}},"31":{"start":{"line":67,"column":4},"end":{"line":69,"column":5}},"32":{"start":{"line":68,"column":6},"end":{"line":68,"column":77}},"33":{"start":{"line":73,"column":24},"end":{"line":83,"column":13}},"34":{"start":{"line":85,"column":19},"end":{"line":93,"column":20}},"35":{"start":{"line":86,"column":23},"end":{"line":86,"column":87}},"36":{"start":{"line":87,"column":23},"end":{"line":87,"column":66}},"37":{"start":{"line":88,"column":20},"end":{"line":88,"column":59}},"38":{"start":{"line":89,"column":6},"end":{"line":89,"column":41}},"39":{"start":{"line":91,"column":17},"end":{"line":91,"column":33}},"40":{"start":{"line":92,"column":20},"end":{"line":92,"column":76}},"41":{"start":{"line":95,"column":4},"end":{"line":95,"column":68}},"42":{"start":{"line":97,"column":4},"end":{"line":97,"column":21}},"43":{"start":{"line":98,"column":4},"end":{"line":98,"column":69}}},"fnMap":{"0":{"name":"unique","decl":{"start":{"line":5,"column":9},"end":{"line":5,"column":15}},"loc":{"start":{"line":5,"column":21},"end":{"line":5,"column":57}},"line":5},"1":{"name":"toLowerTrim","decl":{"start":{"line":6,"column":9},"end":{"line":6,"column":20}},"loc":{"start":{"line":6,"column":24},"end":{"line":6,"column":66}},"line":6},"2":{"name":"(anonymous_2)","decl":{"start":{"line":9,"column":16},"end":{"line":9,"column":17}},"loc":{"start":{"line":9,"column":36},"end":{"line":100,"column":1}},"line":9},"3":{"name":"(anonymous_3)","decl":{"start":{"line":22,"column":39},"end":{"line":22,"column":40}},"loc":{"start":{"line":22,"column":44},"end":{"line":22,"column":76}},"line":22},"4":{"name":"(anonymous_4)","decl":{"start":{"line":26,"column":20},"end":{"line":26,"column":21}},"loc":{"start":{"line":26,"column":25},"end":{"line":27,"column":63}},"line":26},"5":{"name":"(anonymous_5)","decl":{"start":{"line":27,"column":16},"end":{"line":27,"column":17}},"loc":{"start":{"line":27,"column":22},"end":{"line":27,"column":62}},"line":27},"6":{"name":"(anonymous_6)","decl":{"start":{"line":28,"column":12},"end":{"line":28,"column":13}},"loc":{"start":{"line":28,"column":18},"end":{"line":28,"column":38}},"line":28},"7":{"name":"(anonymous_7)","decl":{"start":{"line":32,"column":20},"end":{"line":32,"column":21}},"loc":{"start":{"line":32,"column":25},"end":{"line":34,"column":33}},"line":32},"8":{"name":"(anonymous_8)","decl":{"start":{"line":33,"column":16},"end":{"line":33,"column":17}},"loc":{"start":{"line":33,"column":21},"end":{"line":33,"column":42}},"line":33},"9":{"name":"(anonymous_9)","decl":{"start":{"line":34,"column":13},"end":{"line":34,"column":14}},"loc":{"start":{"line":34,"column":18},"end":{"line":34,"column":32}},"line":34},"10":{"name":"(anonymous_10)","decl":{"start":{"line":45,"column":34},"end":{"line":45,"column":35}},"loc":{"start":{"line":45,"column":39},"end":{"line":45,"column":52}},"line":45},"11":{"name":"(anonymous_11)","decl":{"start":{"line":85,"column":35},"end":{"line":85,"column":36}},"loc":{"start":{"line":85,"column":40},"end":{"line":90,"column":5}},"line":85},"12":{"name":"(anonymous_12)","decl":{"start":{"line":91,"column":12},"end":{"line":91,"column":13}},"loc":{"start":{"line":91,"column":17},"end":{"line":91,"column":33}},"line":91},"13":{"name":"(anonymous_13)","decl":{"start":{"line":92,"column":10},"end":{"line":92,"column":11}},"loc":{"start":{"line":92,"column":20},"end":{"line":92,"column":76}},"line":92}},"branchMap":{"0":{"loc":{"start":{"line":6,"column":34},"end":{"line":6,"column":41}},"type":"binary-expr","locations":[{"start":{"line":6,"column":34},"end":{"line":6,"column":35}},{"start":{"line":6,"column":39},"end":{"line":6,"column":41}}],"line":6},"1":{"loc":{"start":{"line":11,"column":27},"end":{"line":11,"column":56}},"type":"binary-expr","locations":[{"start":{"line":11,"column":27},"end":{"line":11,"column":50}},{"start":{"line":11,"column":54},"end":{"line":11,"column":56}}],"line":11},"2":{"loc":{"start":{"line":12,"column":29},"end":{"line":12,"column":53}},"type":"binary-expr","locations":[{"start":{"line":12,"column":29},"end":{"line":12,"column":43}},{"start":{"line":12,"column":47},"end":{"line":12,"column":53}}],"line":12},"3":{"loc":{"start":{"line":17,"column":4},"end":{"line":19,"column":5}},"type":"if","locations":[{"start":{"line":17,"column":4},"end":{"line":19,"column":5}},{"start":{},"end":{}}],"line":17},"4":{"loc":{"start":{"line":26,"column":26},"end":{"line":26,"column":53}},"type":"binary-expr","locations":[{"start":{"line":26,"column":26},"end":{"line":26,"column":47}},{"start":{"line":26,"column":51},"end":{"line":26,"column":53}}],"line":26},"5":{"loc":{"start":{"line":27,"column":22},"end":{"line":27,"column":62}},"type":"binary-expr","locations":[{"start":{"line":27,"column":22},"end":{"line":27,"column":44}},{"start":{"line":27,"column":49},"end":{"line":27,"column":51}},{"start":{"line":27,"column":55},"end":{"line":27,"column":61}}],"line":27},"6":{"loc":{"start":{"line":28,"column":25},"end":{"line":28,"column":37}},"type":"binary-expr","locations":[{"start":{"line":28,"column":25},"end":{"line":28,"column":31}},{"start":{"line":28,"column":35},"end":{"line":28,"column":37}}],"line":28},"7":{"loc":{"start":{"line":32,"column":26},"end":{"line":32,"column":53}},"type":"binary-expr","locations":[{"start":{"line":32,"column":26},"end":{"line":32,"column":47}},{"start":{"line":32,"column":51},"end":{"line":32,"column":53}}],"line":32},"8":{"loc":{"start":{"line":40,"column":4},"end":{"line":46,"column":5}},"type":"if","locations":[{"start":{"line":40,"column":4},"end":{"line":46,"column":5}},{"start":{},"end":{}}],"line":40},"9":{"loc":{"start":{"line":51,"column":4},"end":{"line":53,"column":5}},"type":"if","locations":[{"start":{"line":51,"column":4},"end":{"line":53,"column":5}},{"start":{},"end":{}}],"line":51},"10":{"loc":{"start":{"line":51,"column":8},"end":{"line":51,"column":53}},"type":"binary-expr","locations":[{"start":{"line":51,"column":8},"end":{"line":51,"column":25}},{"start":{"line":51,"column":29},"end":{"line":51,"column":53}}],"line":51},"11":{"loc":{"start":{"line":67,"column":4},"end":{"line":69,"column":5}},"type":"if","locations":[{"start":{"line":67,"column":4},"end":{"line":69,"column":5}},{"start":{},"end":{}}],"line":67},"12":{"loc":{"start":{"line":67,"column":8},"end":{"line":67,"column":42}},"type":"binary-expr","locations":[{"start":{"line":67,"column":8},"end":{"line":67,"column":28}},{"start":{"line":67,"column":32},"end":{"line":67,"column":42}}],"line":67},"13":{"loc":{"start":{"line":86,"column":56},"end":{"line":86,"column":85}},"type":"binary-expr","locations":[{"start":{"line":86,"column":56},"end":{"line":86,"column":71}},{"start":{"line":86,"column":75},"end":{"line":86,"column":85}}],"line":86},"14":{"loc":{"start":{"line":88,"column":21},"end":{"line":88,"column":37}},"type":"cond-expr","locations":[{"start":{"line":88,"column":32},"end":{"line":88,"column":33}},{"start":{"line":88,"column":36},"end":{"line":88,"column":37}}],"line":88},"15":{"loc":{"start":{"line":88,"column":42},"end":{"line":88,"column":58}},"type":"cond-expr","locations":[{"start":{"line":88,"column":53},"end":{"line":88,"column":54}},{"start":{"line":88,"column":57},"end":{"line":88,"column":58}}],"line":88},"16":{"loc":{"start":{"line":92,"column":20},"end":{"line":92,"column":76}},"type":"binary-expr","locations":[{"start":{"line":92,"column":20},"end":{"line":92,"column":47}},{"start":{"line":92,"column":51},"end":{"line":92,"column":76}}],"line":92}},"s":{"0":0,"1":0,"2":0,"3":0,"4":0,"5":0,"6":0,"7":0,"8":0,"9":0,"10":0,"11":0,"12":0,"13":0,"14":0,"15":0,"16":0,"17":0,"18":0,"19":0,"20":0,"21":0,"22":0,"23":0,"24":0,"25":0,"26":0,"27":0,"28":0,"29":0,"30":0,"31":0,"32":0,"33":0,"34":0,"35":0,"36":0,"37":0,"38":0,"39":0,"40":0,"41":0,"42":0,"43":0},"f":{"0":0,"1":0,"2":0,"3":0,"4":0,"5":0,"6":0,"7":0,"8":0,"9":0,"10":0,"11":0,"12":0,"13":0},"b":{"0":[0,0],"1":[0,0],"2":[0,0],"3":[0,0],"4":[0,0],"5":[0,0,0],"6":[0,0],"7":[0,0],"8":[0,0],"9":[0,0],"10":[0,0],"11":[0,0],"12":[0,0],"13":[0,0],"14":[0,0],"15":[0,0],"16":[0,0]}}
,"/Users/savvy/Documents/Deakin/SIT753_Professional Practice in IT/OnTrackTasks/7.3HD/SIT753-S224734529/src/controllers/jobPreferenceController.js": {"path":"/Users/savvy/Documents/Deakin/SIT753_Professional Practice in IT/OnTrackTasks/7.3HD/SIT753-S224734529/src/controllers/jobPreferenceController.js","statementMap":{"0":{"start":{"line":1,"column":22},"end":{"line":1,"column":56}},"1":{"start":{"line":4,"column":0},"end":{"line":11,"column":2}},"2":{"start":{"line":5,"column":2},"end":{"line":10,"column":3}},"3":{"start":{"line":6,"column":18},"end":{"line":6,"column":89}},"4":{"start":{"line":7,"column":4},"end":{"line":7,"column":20}},"5":{"start":{"line":9,"column":4},"end":{"line":9,"column":68}},"6":{"start":{"line":29,"column":0},"end":{"line":51,"column":2}},"7":{"start":{"line":30,"column":2},"end":{"line":50,"column":3}},"8":{"start":{"line":31,"column":55},"end":{"line":31,"column":63}},"9":{"start":{"line":32,"column":4},"end":{"line":32,"column":102}},"10":{"start":{"line":32,"column":28},"end":{"line":32,"column":102}},"11":{"start":{"line":34,"column":21},"end":{"line":34,"column":40}},"12":{"start":{"line":35,"column":4},"end":{"line":39,"column":5}},"13":{"start":{"line":36,"column":6},"end":{"line":36,"column":76}},"14":{"start":{"line":36,"column":50},"end":{"line":36,"column":58}},"15":{"start":{"line":37,"column":11},"end":{"line":39,"column":5}},"16":{"start":{"line":38,"column":6},"end":{"line":38,"column":22}},"17":{"start":{"line":41,"column":17},"end":{"line":45,"column":6}},"18":{"start":{"line":46,"column":4},"end":{"line":46,"column":31}},"19":{"start":{"line":48,"column":4},"end":{"line":48,"column":21}},"20":{"start":{"line":49,"column":4},"end":{"line":49,"column":69}},"21":{"start":{"line":53,"column":0},"end":{"line":71,"column":2}},"22":{"start":{"line":54,"column":2},"end":{"line":70,"column":3}},"23":{"start":{"line":55,"column":19},"end":{"line":55,"column":29}},"24":{"start":{"line":56,"column":20},"end":{"line":56,"column":22}},"25":{"start":{"line":57,"column":4},"end":{"line":59,"column":7}},"26":{"start":{"line":58,"column":6},"end":{"line":58,"column":62}},"27":{"start":{"line":58,"column":37},"end":{"line":58,"column":62}},"28":{"start":{"line":61,"column":17},"end":{"line":65,"column":5}},"29":{"start":{"line":66,"column":4},"end":{"line":66,"column":80}},"30":{"start":{"line":66,"column":15},"end":{"line":66,"column":80}},"31":{"start":{"line":67,"column":4},"end":{"line":67,"column":19}},"32":{"start":{"line":69,"column":4},"end":{"line":69,"column":69}},"33":{"start":{"line":74,"column":0},"end":{"line":83,"column":2}},"34":{"start":{"line":75,"column":2},"end":{"line":82,"column":3}},"35":{"start":{"line":76,"column":19},"end":{"line":76,"column":29}},"36":{"start":{"line":77,"column":19},"end":{"line":77,"column":80}},"37":{"start":{"line":78,"column":4},"end":{"line":78,"column":95}},"38":{"start":{"line":78,"column":30},"end":{"line":78,"column":95}},"39":{"start":{"line":79,"column":4},"end":{"line":79,"column":27}},"40":{"start":{"line":81,"column":4},"end":{"line":81,"column":69}},"41":{"start":{"line":86,"column":0},"end":{"line":97,"column":2}},"42":{"start":{"line":87,"column":2},"end":{"line":96,"column":3}},"43":{"start":{"line":88,"column":25},"end":{"line":88,"column":33}},"44":{"start":{"line":89,"column":4},"end":{"line":91,"column":5}},"45":{"start":{"line":90,"column":6},"end":{"line":90,"column":69}},"46":{"start":{"line":92,"column":19},"end":{"line":92,"column":91}},"47":{"start":{"line":93,"column":4},"end":{"line":93,"column":62}},"48":{"start":{"line":95,"column":4},"end":{"line":95,"column":63}}},"fnMap":{"0":{"name":"(anonymous_0)","decl":{"start":{"line":4,"column":15},"end":{"line":4,"column":16}},"loc":{"start":{"line":4,"column":35},"end":{"line":11,"column":1}},"line":4},"1":{"name":"(anonymous_1)","decl":{"start":{"line":29,"column":17},"end":{"line":29,"column":18}},"loc":{"start":{"line":29,"column":37},"end":{"line":51,"column":1}},"line":29},"2":{"name":"(anonymous_2)","decl":{"start":{"line":36,"column":45},"end":{"line":36,"column":46}},"loc":{"start":{"line":36,"column":50},"end":{"line":36,"column":58}},"line":36},"3":{"name":"(anonymous_3)","decl":{"start":{"line":53,"column":17},"end":{"line":53,"column":18}},"loc":{"start":{"line":53,"column":37},"end":{"line":71,"column":1}},"line":53},"4":{"name":"(anonymous_4)","decl":{"start":{"line":57,"column":57},"end":{"line":57,"column":58}},"loc":{"start":{"line":57,"column":62},"end":{"line":59,"column":5}},"line":57},"5":{"name":"(anonymous_5)","decl":{"start":{"line":74,"column":17},"end":{"line":74,"column":18}},"loc":{"start":{"line":74,"column":37},"end":{"line":83,"column":1}},"line":74},"6":{"name":"(anonymous_6)","decl":{"start":{"line":86,"column":21},"end":{"line":86,"column":22}},"loc":{"start":{"line":86,"column":41},"end":{"line":97,"column":1}},"line":86}},"branchMap":{"0":{"loc":{"start":{"line":32,"column":4},"end":{"line":32,"column":102}},"type":"if","locations":[{"start":{"line":32,"column":4},"end":{"line":32,"column":102}},{"start":{},"end":{}}],"line":32},"1":{"loc":{"start":{"line":35,"column":4},"end":{"line":39,"column":5}},"type":"if","locations":[{"start":{"line":35,"column":4},"end":{"line":39,"column":5}},{"start":{"line":37,"column":11},"end":{"line":39,"column":5}}],"line":35},"2":{"loc":{"start":{"line":37,"column":11},"end":{"line":39,"column":5}},"type":"if","locations":[{"start":{"line":37,"column":11},"end":{"line":39,"column":5}},{"start":{},"end":{}}],"line":37},"3":{"loc":{"start":{"line":58,"column":6},"end":{"line":58,"column":62}},"type":"if","locations":[{"start":{"line":58,"column":6},"end":{"line":58,"column":62}},{"start":{},"end":{}}],"line":58},"4":{"loc":{"start":{"line":66,"column":4},"end":{"line":66,"column":80}},"type":"if","locations":[{"start":{"line":66,"column":4},"end":{"line":66,"column":80}},{"start":{},"end":{}}],"line":66},"5":{"loc":{"start":{"line":78,"column":4},"end":{"line":78,"column":95}},"type":"if","locations":[{"start":{"line":78,"column":4},"end":{"line":78,"column":95}},{"start":{},"end":{}}],"line":78},"6":{"loc":{"start":{"line":88,"column":12},"end":{"line":88,"column":20}},"type":"default-arg","locations":[{"start":{"line":88,"column":18},"end":{"line":88,"column":20}}],"line":88},"7":{"loc":{"start":{"line":89,"column":4},"end":{"line":91,"column":5}},"type":"if","locations":[{"start":{"line":89,"column":4},"end":{"line":91,"column":5}},{"start":{},"end":{}}],"line":89},"8":{"loc":{"start":{"line":89,"column":8},"end":{"line":89,"column":47}},"type":"binary-expr","locations":[{"start":{"line":89,"column":8},"end":{"line":89,"column":27}},{"start":{"line":89,"column":31},"end":{"line":89,"column":47}}],"line":89},"9":{"loc":{"start":{"line":93,"column":34},"end":{"line":93,"column":58}},"type":"binary-expr","locations":[{"start":{"line":93,"column":34},"end":{"line":93,"column":53}},{"start":{"line":93,"column":57},"end":{"line":93,"column":58}}],"line":93}},"s":{"0":1,"1":1,"2":0,"3":0,"4":0,"5":0,"6":1,"7":0,"8":0,"9":0,"10":0,"11":0,"12":0,"13":0,"14":0,"15":0,"16":0,"17":0,"18":0,"19":0,"20":0,"21":1,"22":0,"23":0,"24":0,"25":0,"26":0,"27":0,"28":0,"29":0,"30":0,"31":0,"32":0,"33":1,"34":0,"35":0,"36":0,"37":0,"38":0,"39":0,"40":0,"41":1,"42":0,"43":0,"44":0,"45":0,"46":0,"47":0,"48":0},"f":{"0":0,"1":0,"2":0,"3":0,"4":0,"5":0,"6":0},"b":{"0":[0,0],"1":[0,0],"2":[0,0],"3":[0,0],"4":[0,0],"5":[0,0],"6":[0],"7":[0,0],"8":[0,0],"9":[0,0]},"_coverageSchema":"1a1c01bbd47fc00a2c39e90264f33305004495a9","hash":"9b017b54d702d67813fc4a9923e2db03e143707d"}
,"/Users/savvy/Documents/Deakin/SIT753_Professional Practice in IT/OnTrackTasks/7.3HD/SIT753-S224734529/src/controllers/userController.js": {"path":"/Users/savvy/Documents/Deakin/SIT753_Professional Practice in IT/OnTrackTasks/7.3HD/SIT753-S224734529/src/controllers/userController.js","statementMap":{"0":{"start":{"line":1,"column":12},"end":{"line":1,"column":35}},"1":{"start":{"line":2,"column":13},"end":{"line":2,"column":38}},"2":{"start":{"line":3,"column":29},"end":{"line":3,"column":70}},"3":{"start":{"line":4,"column":19},"end":{"line":4,"column":50}},"4":{"start":{"line":7,"column":22},"end":{"line":13,"column":1}},"5":{"start":{"line":8,"column":2},"end":{"line":12,"column":4}},"6":{"start":{"line":16,"column":0},"end":{"line":31,"column":2}},"7":{"start":{"line":17,"column":2},"end":{"line":30,"column":3}},"8":{"start":{"line":18,"column":51},"end":{"line":18,"column":59}},"9":{"start":{"line":21,"column":4},"end":{"line":23,"column":5}},"10":{"start":{"line":22,"column":6},"end":{"line":22,"column":91}},"11":{"start":{"line":25,"column":17},"end":{"line":25,"column":65}},"12":{"start":{"line":26,"column":4},"end":{"line":26,"column":22}},"13":{"start":{"line":27,"column":4},"end":{"line":27,"column":70}},"14":{"start":{"line":29,"column":4},"end":{"line":29,"column":49}},"15":{"start":{"line":34,"column":0},"end":{"line":57,"column":2}},"16":{"start":{"line":35,"column":2},"end":{"line":56,"column":3}},"17":{"start":{"line":36,"column":32},"end":{"line":36,"column":40}},"18":{"start":{"line":37,"column":17},"end":{"line":37,"column":46}},"19":{"start":{"line":38,"column":4},"end":{"line":40,"column":5}},"20":{"start":{"line":39,"column":6},"end":{"line":39,"column":70}},"21":{"start":{"line":41,"column":18},"end":{"line":41,"column":37}},"22":{"start":{"line":42,"column":4},"end":{"line":53,"column":7}},"23":{"start":{"line":55,"column":4},"end":{"line":55,"column":49}},"24":{"start":{"line":60,"column":0},"end":{"line":79,"column":2}},"25":{"start":{"line":61,"column":2},"end":{"line":78,"column":3}},"26":{"start":{"line":62,"column":17},"end":{"line":62,"column":69}},"27":{"start":{"line":63,"column":4},"end":{"line":63,"column":74}},"28":{"start":{"line":63,"column":15},"end":{"line":63,"column":74}},"29":{"start":{"line":66,"column":27},"end":{"line":69,"column":6}},"30":{"start":{"line":72,"column":20},"end":{"line":72,"column":35}},"31":{"start":{"line":73,"column":4},"end":{"line":73,"column":47}},"32":{"start":{"line":75,"column":4},"end":{"line":75,"column":22}},"33":{"start":{"line":77,"column":4},"end":{"line":77,"column":54}},"34":{"start":{"line":82,"column":0},"end":{"line":108,"column":2}},"35":{"start":{"line":83,"column":2},"end":{"line":107,"column":3}},"36":{"start":{"line":84,"column":4},"end":{"line":86,"column":5}},"37":{"start":{"line":85,"column":6},"end":{"line":85,"column":80}},"38":{"start":{"line":88,"column":20},"end":{"line":92,"column":5}},"39":{"start":{"line":95,"column":4},"end":{"line":95,"column":54}},"40":{"start":{"line":96,"column":4},"end":{"line":96,"column":76}},"41":{"start":{"line":99,"column":4},"end":{"line":102,"column":7}},"42":{"start":{"line":104,"column":4},"end":{"line":104,"column":74}},"43":{"start":{"line":106,"column":4},"end":{"line":106,"column":56}},"44":{"start":{"line":111,"column":0},"end":{"line":123,"column":2}},"45":{"start":{"line":112,"column":2},"end":{"line":122,"column":3}},"46":{"start":{"line":113,"column":4},"end":{"line":115,"column":5}},"47":{"start":{"line":114,"column":6},"end":{"line":114,"column":80}},"48":{"start":{"line":117,"column":4},"end":{"line":117,"column":78}},"49":{"start":{"line":119,"column":4},"end":{"line":119,"column":54}},"50":{"start":{"line":121,"column":4},"end":{"line":121,"column":67}}},"fnMap":{"0":{"name":"(anonymous_0)","decl":{"start":{"line":7,"column":22},"end":{"line":7,"column":23}},"loc":{"start":{"line":7,"column":32},"end":{"line":13,"column":1}},"line":7},"1":{"name":"(anonymous_1)","decl":{"start":{"line":16,"column":19},"end":{"line":16,"column":20}},"loc":{"start":{"line":16,"column":39},"end":{"line":31,"column":1}},"line":16},"2":{"name":"(anonymous_2)","decl":{"start":{"line":34,"column":16},"end":{"line":34,"column":17}},"loc":{"start":{"line":34,"column":36},"end":{"line":57,"column":1}},"line":34},"3":{"name":"(anonymous_3)","decl":{"start":{"line":60,"column":21},"end":{"line":60,"column":22}},"loc":{"start":{"line":60,"column":41},"end":{"line":79,"column":1}},"line":60},"4":{"name":"(anonymous_4)","decl":{"start":{"line":82,"column":24},"end":{"line":82,"column":25}},"loc":{"start":{"line":82,"column":44},"end":{"line":108,"column":1}},"line":82},"5":{"name":"(anonymous_5)","decl":{"start":{"line":111,"column":31},"end":{"line":111,"column":32}},"loc":{"start":{"line":111,"column":51},"end":{"line":123,"column":1}},"line":111}},"branchMap":{"0":{"loc":{"start":{"line":21,"column":4},"end":{"line":23,"column":5}},"type":"if","locations":[{"start":{"line":21,"column":4},"end":{"line":23,"column":5}},{"start":{},"end":{}}],"line":21},"1":{"loc":{"start":{"line":38,"column":4},"end":{"line":40,"column":5}},"type":"if","locations":[{"start":{"line":38,"column":4},"end":{"line":40,"column":5}},{"start":{},"end":{}}],"line":38},"2":{"loc":{"start":{"line":38,"column":8},"end":{"line":38,"column":56}},"type":"binary-expr","locations":[{"start":{"line":38,"column":8},"end":{"line":38,"column":13}},{"start":{"line":38,"column":17},"end":{"line":38,"column":56}}],"line":38},"3":{"loc":{"start":{"line":51,"column":24},"end":{"line":51,"column":51}},"type":"binary-expr","locations":[{"start":{"line":51,"column":24},"end":{"line":51,"column":43}},{"start":{"line":51,"column":47},"end":{"line":51,"column":51}}],"line":51},"4":{"loc":{"start":{"line":63,"column":4},"end":{"line":63,"column":74}},"type":"if","locations":[{"start":{"line":63,"column":4},"end":{"line":63,"column":74}},{"start":{},"end":{}}],"line":63},"5":{"loc":{"start":{"line":84,"column":4},"end":{"line":86,"column":5}},"type":"if","locations":[{"start":{"line":84,"column":4},"end":{"line":86,"column":5}},{"start":{},"end":{}}],"line":84},"6":{"loc":{"start":{"line":113,"column":4},"end":{"line":115,"column":5}},"type":"if","locations":[{"start":{"line":113,"column":4},"end":{"line":115,"column":5}},{"start":{},"end":{}}],"line":113}},"s":{"0":1,"1":1,"2":1,"3":1,"4":1,"5":1,"6":1,"7":2,"8":2,"9":2,"10":0,"11":2,"12":2,"13":2,"14":0,"15":1,"16":1,"17":1,"18":1,"19":1,"20":0,"21":1,"22":1,"23":0,"24":1,"25":0,"26":0,"27":0,"28":0,"29":0,"30":0,"31":0,"32":0,"33":0,"34":1,"35":0,"36":0,"37":0,"38":0,"39":0,"40":0,"41":0,"42":0,"43":0,"44":1,"45":0,"46":0,"47":0,"48":0,"49":0,"50":0},"f":{"0":1,"1":2,"2":1,"3":0,"4":0,"5":0},"b":{"0":[0,2],"1":[0,1],"2":[1,1],"3":[1,1],"4":[0,0],"5":[0,0],"6":[0,0]},"_coverageSchema":"1a1c01bbd47fc00a2c39e90264f33305004495a9","hash":"b2b0525da6310a1b455e4ae3f51ebe5069144768"}
,"/Users/savvy/Documents/Deakin/SIT753_Professional Practice in IT/OnTrackTasks/7.3HD/SIT753-S224734529/src/middleware/authMiddleware.js": {"path":"/Users/savvy/Documents/Deakin/SIT753_Professional Practice in IT/OnTrackTasks/7.3HD/SIT753-S224734529/src/middleware/authMiddleware.js","statementMap":{"0":{"start":{"line":1,"column":12},"end":{"line":1,"column":35}},"1":{"start":{"line":3,"column":0},"end":{"line":27,"column":2}},"2":{"start":{"line":5,"column":14},"end":{"line":5,"column":57}},"3":{"start":{"line":7,"column":2},"end":{"line":17,"column":3}},"4":{"start":{"line":8,"column":20},"end":{"line":15,"column":5}},"5":{"start":{"line":10,"column":18},"end":{"line":10,"column":32}},"6":{"start":{"line":11,"column":18},"end":{"line":11,"column":58}},"7":{"start":{"line":12,"column":18},"end":{"line":12,"column":52}},"8":{"start":{"line":13,"column":8},"end":{"line":13,"column":22}},"9":{"start":{"line":16,"column":4},"end":{"line":16,"column":34}},"10":{"start":{"line":18,"column":2},"end":{"line":18,"column":89}},"11":{"start":{"line":18,"column":14},"end":{"line":18,"column":89}},"12":{"start":{"line":20,"column":2},"end":{"line":26,"column":3}},"13":{"start":{"line":21,"column":20},"end":{"line":21,"column":61}},"14":{"start":{"line":22,"column":4},"end":{"line":22,"column":23}},"15":{"start":{"line":23,"column":4},"end":{"line":23,"column":11}},"16":{"start":{"line":25,"column":4},"end":{"line":25,"column":55}},"17":{"start":{"line":30,"column":0},"end":{"line":37,"column":2}},"18":{"start":{"line":31,"column":2},"end":{"line":36,"column":4}},"19":{"start":{"line":32,"column":4},"end":{"line":34,"column":5}},"20":{"start":{"line":33,"column":6},"end":{"line":33,"column":64}},"21":{"start":{"line":35,"column":4},"end":{"line":35,"column":11}}},"fnMap":{"0":{"name":"(anonymous_0)","decl":{"start":{"line":3,"column":23},"end":{"line":3,"column":24}},"loc":{"start":{"line":3,"column":43},"end":{"line":27,"column":1}},"line":3},"1":{"name":"(anonymous_1)","decl":{"start":{"line":9,"column":40},"end":{"line":9,"column":41}},"loc":{"start":{"line":9,"column":45},"end":{"line":14,"column":7}},"line":9},"2":{"name":"(anonymous_2)","decl":{"start":{"line":30,"column":20},"end":{"line":30,"column":21}},"loc":{"start":{"line":30,"column":34},"end":{"line":37,"column":1}},"line":30},"3":{"name":"(anonymous_3)","decl":{"start":{"line":31,"column":9},"end":{"line":31,"column":10}},"loc":{"start":{"line":31,"column":29},"end":{"line":36,"column":3}},"line":31}},"branchMap":{"0":{"loc":{"start":{"line":7,"column":2},"end":{"line":17,"column":3}},"type":"if","locations":[{"start":{"line":7,"column":2},"end":{"line":17,"column":3}},{"start":{},"end":{}}],"line":7},"1":{"loc":{"start":{"line":7,"column":6},"end":{"line":7,"column":34}},"type":"binary-expr","locations":[{"start":{"line":7,"column":6},"end":{"line":7,"column":12}},{"start":{"line":7,"column":16},"end":{"line":7,"column":34}}],"line":7},"2":{"loc":{"start":{"line":16,"column":12},"end":{"line":16,"column":33}},"type":"binary-expr","locations":[{"start":{"line":16,"column":12},"end":{"line":16,"column":25}},{"start":{"line":16,"column":29},"end":{"line":16,"column":33}}],"line":16},"3":{"loc":{"start":{"line":18,"column":2},"end":{"line":18,"column":89}},"type":"if","locations":[{"start":{"line":18,"column":2},"end":{"line":18,"column":89}},{"start":{},"end":{}}],"line":18},"4":{"loc":{"start":{"line":32,"column":4},"end":{"line":34,"column":5}},"type":"if","locations":[{"start":{"line":32,"column":4},"end":{"line":34,"column":5}},{"start":{},"end":{}}],"line":32}},"s":{"0":1,"1":1,"2":0,"3":0,"4":0,"5":0,"6":0,"7":0,"8":0,"9":0,"10":0,"11":0,"12":0,"13":0,"14":0,"15":0,"16":0,"17":1,"18":16,"19":0,"20":0,"21":0},"f":{"0":0,"1":0,"2":16,"3":0},"b":{"0":[0,0],"1":[0,0],"2":[0,0],"3":[0,0],"4":[0,0]},"_coverageSchema":"1a1c01bbd47fc00a2c39e90264f33305004495a9","hash":"6e298b19c028200144a3889deae6ce448b5e75f9"}
,"/Users/savvy/Documents/Deakin/SIT753_Professional Practice in IT/OnTrackTasks/7.3HD/SIT753-S224734529/src/models/category.js": {"path":"/Users/savvy/Documents/Deakin/SIT753_Professional Practice in IT/OnTrackTasks/7.3HD/SIT753-S224734529/src/models/category.js","statementMap":{"0":{"start":{"line":1,"column":17},"end":{"line":1,"column":36}},"1":{"start":{"line":3,"column":23},"end":{"line":10,"column":1}},"2":{"start":{"line":12,"column":0},"end":{"line":12,"column":60}}},"fnMap":{},"branchMap":{},"s":{"0":1,"1":1,"2":1},"f":{},"b":{},"_coverageSchema":"1a1c01bbd47fc00a2c39e90264f33305004495a9","hash":"7a2e1b1af69c985004b49df8ce6e7be5b7abe94b"}
[...]
t":{"line":293,"column":23},"end":{"line":293,"column":34}},"type":"binary-expr","locations":[{"start":{"line":293,"column":23},"end":{"line":293,"column":28}},{"start":{"line":293,"column":32},"end":{"line":293,"column":34}}],"line":293},"24":{"loc":{"start":{"line":294,"column":4},"end":{"line":294,"column":24}},"type":"if","locations":[{"start":{"line":294,"column":4},"end":{"line":294,"column":24}},{"start":{},"end":{}}],"line":294},"25":{"loc":{"start":{"line":302,"column":4},"end":{"line":302,"column":61}},"type":"if","locations":[{"start":{"line":302,"column":4},"end":{"line":302,"column":61}},{"start":{},"end":{}}],"line":302},"26":{"loc":{"start":{"line":302,"column":8},"end":{"line":302,"column":38}},"type":"binary-expr","locations":[{"start":{"line":302,"column":8},"end":{"line":302,"column":16}},{"start":{"line":302,"column":20},"end":{"line":302,"column":38}}],"line":302},"27":{"loc":{"start":{"line":314,"column":4},"end":{"line":317,"column":5}},"type":"if","locations":[{"start":{"line":314,"column":4},"end":{"line":317,"column":5}},{"start":{},"end":{}}],"line":314},"28":{"loc":{"start":{"line":319,"column":6},"end":{"line":325,"column":7}},"type":"if","locations":[{"start":{"line":319,"column":6},"end":{"line":325,"column":7}},{"start":{"line":322,"column":13},"end":{"line":325,"column":7}}],"line":319},"29":{"loc":{"start":{"line":329,"column":12},"end":{"line":329,"column":40}},"type":"binary-expr","locations":[{"start":{"line":329,"column":12},"end":{"line":329,"column":23}},{"start":{"line":329,"column":27},"end":{"line":329,"column":40}}],"line":329},"30":{"loc":{"start":{"line":340,"column":2},"end":{"line":345,"column":3}},"type":"if","locations":[{"start":{"line":340,"column":2},"end":{"line":345,"column":3}},{"start":{},"end":{}}],"line":340},"31":{"loc":{"start":{"line":355,"column":4},"end":{"line":358,"column":5}},"type":"if","locations":[{"start":{"line":355,"column":4},"end":{"line":358,"column":5}},{"start":{},"end":{}}],"line":355},"32":{"loc":{"start":{"line":359,"column":4},"end":{"line":359,"column":67}},"type":"if","locations":[{"start":{"line":359,"column":4},"end":{"line":359,"column":67}},{"start":{},"end":{}}],"line":359},"33":{"loc":{"start":{"line":362,"column":23},"end":{"line":362,"column":35}},"type":"binary-expr","locations":[{"start":{"line":362,"column":23},"end":{"line":362,"column":30}},{"start":{"line":362,"column":34},"end":{"line":362,"column":35}}],"line":362},"34":{"loc":{"start":{"line":365,"column":12},"end":{"line":365,"column":47}},"type":"binary-expr","locations":[{"start":{"line":365,"column":12},"end":{"line":365,"column":23}},{"start":{"line":365,"column":27},"end":{"line":365,"column":47}}],"line":365},"35":{"loc":{"start":{"line":372,"column":4},"end":{"line":372,"column":21}},"type":"if","locations":[{"start":{"line":372,"column":4},"end":{"line":372,"column":21}},{"start":{},"end":{}}],"line":372},"36":{"loc":{"start":{"line":376,"column":4},"end":{"line":387,"column":5}},"type":"if","locations":[{"start":{"line":376,"column":4},"end":{"line":387,"column":5}},{"start":{},"end":{}}],"line":376},"37":{"loc":{"start":{"line":384,"column":6},"end":{"line":384,"column":63}},"type":"if","locations":[{"start":{"line":384,"column":6},"end":{"line":384,"column":63}},{"start":{},"end":{}}],"line":384},"38":{"loc":{"start":{"line":384,"column":10},"end":{"line":384,"column":40}},"type":"binary-expr","locations":[{"start":{"line":384,"column":10},"end":{"line":384,"column":18}},{"start":{"line":384,"column":22},"end":{"line":384,"column":40}}],"line":384},"39":{"loc":{"start":{"line":390,"column":4},"end":{"line":399,"column":5}},"type":"if","locations":[{"start":{"line":390,"column":4},"end":{"line":399,"column":5}},{"start":{},"end":{}}],"line":390},"40":{"loc":{"start":{"line":391,"column":6},"end":{"line":391,"column":54}},"type":"if","locations":[{"start":{"line":391,"column":6},"end":{"line":391,"column":54}},{"start":{},"end":{}}],"line":391},"41":{"loc":{"start":{"line":397,"column":14},"end":{"line":397,"column":44}},"type":"binary-expr","locations":[{"start":{"line":397,"column":14},"end":{"line":397,"column":25}},{"start":{"line":397,"column":29},"end":{"line":397,"column":44}}],"line":397},"42":{"loc":{"start":{"line":403,"column":2},"end":{"line":406,"column":3}},"type":"if","locations":[{"start":{"line":403,"column":2},"end":{"line":406,"column":3}},{"start":{},"end":{}}],"line":403},"43":{"loc":{"start":{"line":411,"column":2},"end":{"line":411,"column":53}},"type":"if","locations":[{"start":{"line":411,"column":2},"end":{"line":411,"column":53}},{"start":{},"end":{}}],"line":411}},"s":{"0":0,"1":0,"2":0,"3":0,"4":0,"5":0,"6":0,"7":0,"8":0,"9":0,"10":0,"11":0,"12":0,"13":0,"14":0,"15":0,"16":0,"17":0,"18":0,"19":0,"20":0,"21":0,"22":0,"23":0,"24":0,"25":0,"26":0,"27":0,"28":0,"29":0,"30":0,"31":0,"32":0,"33":0,"34":0,"35":0,"36":0,"37":0,"38":0,"39":0,"40":0,"41":0,"42":0,"43":0,"44":0,"45":0,"46":0,"47":0,"48":0,"49":0,"50":0,"51":0,"52":0,"53":0,"54":0,"55":0,"56":0,"57":0,"58":0,"59":0,"60":0,"61":0,"62":0,"63":0,"64":0,"65":0,"66":0,"67":0,"68":0,"69":0,"70":0,"71":0,"72":0,"73":0,"74":0,"75":0,"76":0,"77":0,"78":0,"79":0,"80":0,"81":0,"82":0,"83":0,"84":0,"85":0,"86":0,"87":0,"88":0,"89":0,"90":0,"91":0,"92":0,"93":0,"94":0,"95":0,"96":0,"97":0,"98":0,"99":0,"100":0,"101":0,"102":0,"103":0,"104":0,"105":0,"106":0,"107":0,"108":0,"109":0,"110":0,"111":0,"112":0,"113":0,"114":0,"115":0,"116":0,"117":0,"118":0,"119":0,"120":0,"121":0,"122":0,"123":0,"124":0,"125":0,"126":0,"127":0,"128":0,"129":0,"130":0,"131":0,"132":0,"133":0,"134":0,"135":0,"136":0,"137":0,"138":0,"139":0,"140":0,"141":0,"142":0,"143":0,"144":0,"145":0,"146":0,"147":0,"148":0},"f":{"0":0,"1":0,"2":0,"3":0,"4":0,"5":0,"6":0,"7":0,"8":0,"9":0,"10":0,"11":0,"12":0,"13":0,"14":0,"15":0,"16":0,"17":0,"18":0,"19":0,"20":0,"21":0,"22":0,"23":0,"24":0,"25":0,"26":0},"b":{"0":[0,0],"1":[0,0],"2":[0,0],"3":[0,0],"4":[0,0],"5":[0,0],"6":[0,0],"7":[0,0],"8":[0,0],"9":[0,0],"10":[0,0],"11":[0,0],"12":[0,0],"13":[0,0],"14":[0,0],"15":[0,0],"16":[0,0],"17":[0,0],"18":[0,0],"19":[0,0],"20":[0,0],"21":[0,0],"22":[0,0],"23":[0,0],"24":[0,0],"25":[0,0],"26":[0,0],"27":[0,0],"28":[0,0],"29":[0,0],"30":[0,0],"31":[0,0],"32":[0,0],"33":[0,0],"34":[0,0],"35":[0,0],"36":[0,0],"37":[0,0],"38":[0,0],"39":[0,0],"40":[0,0],"41":[0,0],"42":[0,0],"43":[0,0]}}
,"/Users/savvy/Documents/Deakin/SIT753_Professional Practice in IT/OnTrackTasks/7.3HD/SIT753-S224734529/src/routes/adminUserRoutes.js": {"path":"/Users/savvy/Documents/Deakin/SIT753_Professional Practice in IT/OnTrackTasks/7.3HD/SIT753-S224734529/src/routes/adminUserRoutes.js","statementMap":{"0":{"start":{"line":1,"column":16},"end":{"line":1,"column":34}},"1":{"start":{"line":2,"column":15},"end":{"line":2,"column":31}},"2":{"start":{"line":3,"column":36},"end":{"line":3,"column":75}},"3":{"start":{"line":4,"column":28},"end":{"line":4,"column":73}},"4":{"start":{"line":7,"column":0},"end":{"line":7,"column":88}},"5":{"start":{"line":10,"column":0},"end":{"line":10,"column":94}},"6":{"start":{"line":13,"column":0},"end":{"line":13,"column":104}},"7":{"start":{"line":16,"column":0},"end":{"line":16,"column":105}},"8":{"start":{"line":18,"column":0},"end":{"line":18,"column":24}}},"fnMap":{},"branchMap":{},"s":{"0":1,"1":1,"2":1,"3":1,"4":1,"5":1,"6":1,"7":1,"8":1},"f":{},"b":{},"_coverageSchema":"1a1c01bbd47fc00a2c39e90264f33305004495a9","hash":"740ec4026ec9915170d6746d6ad6c6934f542e79"}
,"/Users/savvy/Documents/Deakin/SIT753_Professional Practice in IT/OnTrackTasks/7.3HD/SIT753-S224734529/src/routes/courseRoutes.js": {"path":"/Users/savvy/Documents/Deakin/SIT753_Professional Practice in IT/OnTrackTasks/7.3HD/SIT753-S224734529/src/routes/courseRoutes.js","statementMap":{"0":{"start":{"line":1,"column":16},"end":{"line":1,"column":34}},"1":{"start":{"line":2,"column":15},"end":{"line":2,"column":31}},"2":{"start":{"line":3,"column":25},"end":{"line":3,"column":67}},"3":{"start":{"line":4,"column":36},"end":{"line":4,"column":75}},"4":{"start":{"line":7,"column":0},"end":{"line":7,"column":89}},"5":{"start":{"line":10,"column":0},"end":{"line":15,"column":2}},"6":{"start":{"line":18,"column":0},"end":{"line":18,"column":66}},"7":{"start":{"line":21,"column":0},"end":{"line":21,"column":108}},"8":{"start":{"line":22,"column":0},"end":{"line":22,"column":109}},"9":{"start":{"line":25,"column":0},"end":{"line":25,"column":73}},"10":{"start":{"line":28,"column":0},"end":{"line":28,"column":95}},"11":{"start":{"line":31,"column":0},"end":{"line":31,"column":94}},"12":{"start":{"line":33,"column":0},"end":{"line":33,"column":24}}},"fnMap":{},"branchMap":{},"s":{"0":1,"1":1,"2":1,"3":1,"4":1,"5":1,"6":1,"7":1,"8":1,"9":1,"10":1,"11":1,"12":1},"f":{},"b":{},"_coverageSchema":"1a1c01bbd47fc00a2c39e90264f33305004495a9","hash":"1d4bc44436b0b3b3a14ebc869352547bb48b219e"}
,"/Users/savvy/Documents/Deakin/SIT753_Professional Practice in IT/OnTrackTasks/7.3HD/SIT753-S224734529/src/routes/jobMatchRoutes.js": {"path":"/Users/savvy/Documents/Deakin/SIT753_Professional Practice in IT/OnTrackTasks/7.3HD/SIT753-S224734529/src/routes/jobMatchRoutes.js","statementMap":{"0":{"start":{"line":1,"column":16},"end":{"line":1,"column":34}},"1":{"start":{"line":2,"column":15},"end":{"line":2,"column":31}},"2":{"start":{"line":3,"column":25},"end":{"line":3,"column":64}},"3":{"start":{"line":4,"column":13},"end":{"line":4,"column":57}},"4":{"start":{"line":6,"column":0},"end":{"line":6,"column":47}},"5":{"start":{"line":8,"column":0},"end":{"line":8,"column":24}}},"fnMap":{},"branchMap":{},"s":{"0":0,"1":0,"2":0,"3":0,"4":0,"5":0},"f":{},"b":{}}
,"/Users/savvy/Documents/Deakin/SIT753_Professional Practice in IT/OnTrackTasks/7.3HD/SIT753-S224734529/src/routes/jobPreferenceRoutes.js": {"path":"/Users/savvy/Documents/Deakin/SIT753_Professional Practice in IT/OnTrackTasks/7.3HD/SIT753-S224734529/src/routes/jobPreferenceRoutes.js","statementMap":{"0":{"start":{"line":1,"column":16},"end":{"line":1,"column":34}},"1":{"start":{"line":2,"column":15},"end":{"line":2,"column":31}},"2":{"start":{"line":3,"column":36},"end":{"line":3,"column":75}},"3":{"start":{"line":4,"column":32},"end":{"line":4,"column":81}},"4":{"start":{"line":6,"column":0},"end":{"line":6,"column":25}},"5":{"start":{"line":8,"column":0},"end":{"line":8,"column":46}},"6":{"start":{"line":9,"column":0},"end":{"line":9,"column":49}},"7":{"start":{"line":10,"column":0},"end":{"line":10,"column":51}},"8":{"start":{"line":11,"column":0},"end":{"line":11,"column":54}},"9":{"start":{"line":12,"column":0},"end":{"line":12,"column":55}},"10":{"start":{"line":14,"column":0},"end":{"line":14,"column":24}}},"fnMap":{},"branchMap":{},"s":{"0":1,"1":1,"2":1,"3":1,"4":1,"5":1,"6":1,"7":1,"8":1,"9":1,"10":1},"f":{},"b":{},"_coverageSchema":"1a1c01bbd47fc00a2c39e90264f33305004495a9","hash":"78e427bb657cde614f101b89528931b70a422806"}
,"/Users/savvy/Documents/Deakin/SIT753_Professional Practice in IT/OnTrackTasks/7.3HD/SIT753-S224734529/src/routes/jobRoutes.js": {"path":"/Users/savvy/Documents/Deakin/SIT753_Professional Practice in IT/OnTrackTasks/7.3HD/SIT753-S224734529/src/routes/jobRoutes.js","statementMap":{"0":{"start":{"line":1,"column":16},"end":{"line":1,"column":34}},"1":{"start":{"line":2,"column":15},"end":{"line":2,"column":31}},"2":{"start":{"line":3,"column":22},"end":{"line":3,"column":61}},"3":{"start":{"line":6,"column":0},"end":{"line":6,"column":46}},"4":{"start":{"line":7,"column":0},"end":{"line":7,"column":49}},"5":{"start":{"line":8,"column":0},"end":{"line":8,"column":58}},"6":{"start":{"line":9,"column":0},"end":{"line":9,"column":52}},"7":{"start":{"line":10,"column":0},"end":{"line":10,"column":66}},"8":{"start":{"line":12,"column":0},"end":{"line":12,"column":54}},"9":{"start":{"line":13,"column":0},"end":{"line":13,"column":43}},"10":{"start":{"line":15,"column":0},"end":{"line":15,"column":60}},"11":{"start":{"line":17,"column":0},"end":{"line":17,"column":24}}},"fnMap":{},"branchMap":{},"s":{"0":1,"1":1,"2":1,"3":1,"4":1,"5":1,"6":1,"7":1,"8":1,"9":1,"10":1,"11":1},"f":{},"b":{},"_coverageSchema":"1a1c01bbd47fc00a2c39e90264f33305004495a9","hash":"f1833695bb4d858e11c75bb2e138f3018bbc086b"}
,"/Users/savvy/Documents/Deakin/SIT753_Professional Practice in IT/OnTrackTasks/7.3HD/SIT753-S224734529/src/routes/userRoutes.js": {"path":"/Users/savvy/Documents/Deakin/SIT753_Professional Practice in IT/OnTrackTasks/7.3HD/SIT753-S224734529/src/routes/userRoutes.js","statementMap":{"0":{"start":{"line":1,"column":16},"end":{"line":1,"column":34}},"1":{"start":{"line":2,"column":15},"end":{"line":2,"column":31}},"2":{"start":{"line":3,"column":15},"end":{"line":3,"column":32}},"3":{"start":{"line":4,"column":13},"end":{"line":4,"column":28}},"4":{"start":{"line":5,"column":77},"end":{"line":5,"column":117}},"5":{"start":{"line":6,"column":24},"end":{"line":6,"column":65}},"6":{"start":{"line":7,"column":36},"end":{"line":7,"column":75}},"7":{"start":{"line":8,"column":30},"end":{"line":8,"column":66}},"8":{"start":{"line":9,"column":19},"end":{"line":9,"column":50}},"9":{"start":{"line":11,"column":16},"end":{"line":18,"column":2}},"10":{"start":{"line":16,"column":30},"end":{"line":16,"column":66}},"11":{"start":{"line":19,"column":15},"end":{"line":19,"column":34}},"12":{"start":{"line":22,"column":0},"end":{"line":22,"column":35}},"13":{"start":{"line":23,"column":0},"end":{"line":23,"column":29}},"14":{"start":{"line":26,"column":0},"end":{"line":28,"column":3}},"15":{"start":{"line":27,"column":2},"end":{"line":27,"column":76}},"16":{"start":{"line":31,"column":0},"end":{"line":33,"column":3}},"17":{"start":{"line":32,"column":2},"end":{"line":32,"column":43}},"18":{"start":{"line":36,"column":0},"end":{"line":38,"column":3}},"19":{"start":{"line":37,"column":2},"end":{"line":37,"column":46}},"20":{"start":{"line":45,"column":0},"end":{"line":45,"column":49}},"21":{"start":{"line":48,"column":0},"end":{"line":48,"column":81}},"22":{"start":{"line":51,"column":0},"end":{"line":51,"column":70}},"23":{"start":{"line":54,"column":0},"end":{"line":68,"column":2}},"24":{"start":{"line":59,"column":4},"end":{"line":66,"column":5}},"25":{"start":{"line":60,"column":6},"end":{"line":62,"column":7}},"26":{"start":{"line":61,"column":8},"end":{"line":61,"column":69}},"27":{"start":{"line":63,"column":6},"end":{"line":63,"column":46}},"28":{"start":{"line":65,"column":6},"end":{"line":65,"column":63}},"29":{"start":{"line":75,"column":0},"end":{"line":75,"column":109}},"30":{"start":{"line":78,"column":0},"end":{"line":78,"column":117}},"31":{"start":{"line":81,"column":0},"end":{"line":81,"column":117}},"32":{"start":{"line":83,"column":0},"end":{"line":83,"column":24}}},"fnMap":{"0":{"name":"(anonymous_0)","decl":{"start":{"line":16,"column":15},"end":{"line":16,"column":16}},"loc":{"start":{"line":16,"column":30},"end":{"line":16,"column":66}},"line":16},"1":{"name":"(anonymous_1)","decl":{"start":{"line":26,"column":39},"end":{"line":26,"column":40}},"loc":{"start":{"line":26,"column":53},"end":{"line":28,"column":1}},"line":26},"2":{"name":"(anonymous_2)","decl":{"start":{"line":31,"column":55},"end":{"line":31,"column":56}},"loc":{"start":{"line":31,"column":69},"end":{"line":33,"column":1}},"line":31},"3":{"name":"(anonymous_3)","decl":{"start":{"line":36,"column":61},"end":{"line":36,"column":62}},"loc":{"start":{"line":36,"column":75},"end":{"line":38,"column":1}},"line":36},"4":{"name":"(anonymous_4)","decl":{"start":{"line":58,"column":2},"end":{"line":58,"column":3}},"loc":{"start":{"line":58,"column":22},"end":{"line":67,"column":3}},"line":58}},"branchMap":{"0":{"loc":{"start":{"line":60,"column":6},"end":{"line":62,"column":7}},"type":"if","locations":[{"start":{"line":60,"column":6},"end":{"line":62,"column":7}},{"start":{},"end":{}}],"line":60}},"s":{"0":1,"1":1,"2":1,"3":1,"4":1,"5":1,"6":1,"7":1,"8":1,"9":1,"10":0,"11":1,"12":1,"13":1,"14":1,"15":0,"16":1,"17":0,"18":1,"19":0,"20":1,"21":1,"22":1,"23":1,"24":0,"25":0,"26":0,"27":0,"28":0,"29":1,"30":1,"31":1,"32":1},"f":{"0":0,"1":0,"2":0,"3":0,"4":0},"b":{"0":[0,0]},"_coverageSchema":"1a1c01bbd47fc00a2c39e90264f33305004495a9","hash":"df40c32e3b1b703aefd715dc81bb62418cfef7c0"}
,"/Users/savvy/Documents/Deakin/SIT753_Professional Practice in IT/OnTrackTasks/7.3HD/SIT753-S224734529/src/views/components/sidebar.js": {"path":"/Users/savvy/Documents/Deakin/SIT753_Professional Practice in IT/OnTrackTasks/7.3HD/SIT753-S224734529/src/views/components/sidebar.js","statementMap":{"0":{"start":{"line":3,"column":2},"end":{"line":7,"column":3}},"1":{"start":{"line":4,"column":4},"end":{"line":4,"column":49}},"2":{"start":{"line":6,"column":4},"end":{"line":6,"column":16}},"3":{"start":{"line":11,"column":16},"end":{"line":11,"column":45}},"4":{"start":{"line":12,"column":2},"end":{"line":15,"column":3}},"5":{"start":{"line":13,"column":4},"end":{"line":13,"column":31}},"6":{"start":{"line":14,"column":4},"end":{"line":14,"column":11}},"7":{"start":{"line":17,"column":15},"end":{"line":17,"column":30}},"8":{"start":{"line":18,"column":2},"end":{"line":21,"column":3}},"9":{"start":{"line":19,"column":4},"end":{"line":19,"column":31}},"10":{"start":{"line":20,"column":4},"end":{"line":20,"column":11}},"11":{"start":{"line":23,"column":18},"end":{"line":23,"column":52}},"12":{"start":{"line":24,"column":2},"end":{"line":24,"column":23}},"13":{"start":{"line":24,"column":16},"end":{"line":24,"column":23}},"14":{"start":{"line":27,"column":2},"end":{"line":32,"column":4}},"15":{"start":{"line":34,"column":19},"end":{"line":34,"column":53}},"16":{"start":{"line":35,"column":18},"end":{"line":35,"column":20}},"17":{"start":{"line":37,"column":2},"end":{"line":63,"column":3}},"18":{"start":{"line":38,"column":4},"end":{"line":45,"column":6}},"19":{"start":{"line":46,"column":9},"end":{"line":63,"column":3}},"20":{"start":{"line":47,"column":4},"end":{"line":53,"column":6}},"21":{"start":{"line":55,"column":4},"end":{"line":62,"column":6}},"22":{"start":{"line":65,"column":2},"end":{"line":74,"column":14}},"23":{"start":{"line":66,"column":17},"end":{"line":73,"column":5}}},"fnMap":{"0":{"name":"parseJwt","decl":{"start":{"line":2,"column":9},"end":{"line":2,"column":17}},"loc":{"start":{"line":2,"column":25},"end":{"line":8,"column":1}},"line":2},"1":{"name":"loadSidebar","decl":{"start":{"line":10,"column":9},"end":{"line":10,"column":20}},"loc":{"start":{"line":10,"column":23},"end":{"line":75,"column":1}},"line":10},"2":{"name":"(anonymous_2)","decl":{"start":{"line":66,"column":9},"end":{"line":66,"column":10}},"loc":{"start":{"line":66,"column":17},"end":{"line":73,"column":5}},"line":66}},"branchMap":{"0":{"loc":{"start":{"line":12,"column":2},"end":{"line":15,"column":3}},"type":"if","locations":[{"start":{"line":12,"column":2},"end":{"line":15,"column":3}},{"start":{},"end":{}}],"line":12},"1":{"loc":{"start":{"line":18,"column":2},"end":{"line":21,"column":3}},"type":"if","locations":[{"start":{"line":18,"column":2},"end":{"line":21,"column":3}},{"start":{},"end":{}}],"line":18},"2":{"loc":{"start":{"line":24,"column":2},"end":{"line":24,"column":23}},"type":"if","locations":[{"start":{"line":24,"column":2},"end":{"line":24,"column":23}},{"start":{},"end":{}}],"line":24},"3":{"loc":{"start":{"line":37,"column":2},"end":{"line":63,"column":3}},"type":"if","locations":[{"start":{"line":37,"column":2},"end":{"line":63,"column":3}},{"start":{"line":46,"column":9},"end":{"line":63,"column":3}}],"line":37},"4":{"loc":{"start":{"line":46,"column":9},"end":{"line":63,"column":3}},"type":"if","locations":[{"start":{"line":46,"column":9},"end":{"line":63,"column":3}},{"start":{"line":54,"column":9},"end":{"line":63,"column":3}}],"line":46}},"s":{"0":0,"1":0,"2":0,"3":0,"4":0,"5":0,"6":0,"7":0,"8":0,"9":0,"10":0,"11":0,"12":0,"13":0,"14":0,"15":0,"16":0,"17":0,"18":0,"19":0,"20":0,"21":0,"22":0,"23":0},"f":{"0":0,"1":0,"2":0},"b":{"0":[0,0],"1":[0,0],"2":[0,0],"3":[0,0],"4":[0,0]}}
}
