TN:
SF:src/app.js
FN:19,(anonymous_0)
FN:22,(anonymous_1)
FN:25,(anonymous_2)
FN:29,(anonymous_3)
FN:32,(anonymous_4)
FN:35,(anonymous_5)
FN:38,(anonymous_6)
FN:44,(anonymous_7)
FN:67,(anonymous_8)
FN:70,(anonymous_9)
FN:73,startServer
FN:78,(anonymous_11)
FNF:12
FNH:1
FNDA:0,(anonymous_0)
FNDA:0,(anonymous_1)
FNDA:0,(anonymous_2)
FNDA:0,(anonymous_3)
FNDA:0,(anonymous_4)
FNDA:0,(anonymous_5)
FNDA:0,(anonymous_6)
FNDA:0,(anonymous_7)
FNDA:1,(anonymous_8)
FNDA:0,(anonymous_9)
FNDA:0,startServer
FNDA:0,(anonymous_11)
DA:1,1
DA:2,1
DA:3,1
DA:4,1
DA:6,1
DA:7,1
DA:10,1
DA:11,1
DA:12,1
DA:13,1
DA:14,1
DA:15,1
DA:16,1
DA:19,1
DA:20,0
DA:22,1
DA:23,0
DA:25,1
DA:26,0
DA:29,1
DA:30,0
DA:32,1
DA:33,0
DA:35,1
DA:36,0
DA:38,1
DA:39,0
DA:43,1
DA:44,1
DA:45,0
DA:51,1
DA:52,1
DA:53,1
DA:54,1
DA:55,1
DA:56,1
DA:57,1
DA:58,1
DA:59,1
DA:62,1
DA:68,1
DA:70,0
DA:74,0
DA:75,0
DA:78,0
DA:79,0
DA:80,0
DA:81,0
DA:84,0
DA:85,0
DA:88,1
DA:89,0
DA:92,1
DA:93,1
LF:54
LH:36
BRDA:7,0,0,1
BRDA:7,0,1,0
BRDA:73,1,0,0
BRDA:74,2,0,0
BRDA:74,2,1,0
BRDA:80,3,0,0
BRDA:80,3,1,0
BRDA:81,4,0,0
BRDA:81,4,1,0
BRDA:88,5,0,0
BRDA:88,5,1,1
BRF:11
BRH:2
end_of_record
TN:
SF:src/config/cloudinary.js
FNF:0
FNH:0
DA:1,1
DA:3,1
DA:9,1
LF:3
LH:3
BRF:0
BRH:0
end_of_record
TN:
SF:src/controllers/adminController.js
FN:5,(anonymous_0)
FN:15,(anonymous_1)
FN:38,(anonymous_2)
FN:65,(anonymous_3)
FN:75,(anonymous_4)
FNF:5
FNH:0
FNDA:0,(anonymous_0)
FNDA:0,(anonymous_1)
FNDA:0,(anonymous_2)
FNDA:0,(anonymous_3)
FNDA:0,(anonymous_4)
DA:1,1
DA:2,1
DA:5,1
DA:6,0
DA:7,0
DA:8,0
DA:10,0
DA:15,1
DA:16,0
DA:17,0
DA:18,0
DA:19,0
DA:23,0
DA:26,0
DA:27,0
DA:28,0
DA:29,0
DA:31,0
DA:33,0
DA:38,1
DA:39,0
DA:40,0
DA:41,0
DA:42,0
DA:46,0
DA:52,0
DA:53,0
DA:54,0
DA:55,0
DA:56,0
DA:58,0
DA:60,0
DA:65,1
DA:66,0
DA:67,0
DA:68,0
DA:70,0
DA:75,1
DA:76,0
DA:77,0
DA:78,0
DA:80,0
LF:42
LH:7
BRDA:18,0,0,0
BRDA:18,0,1,0
BRDA:18,1,0,0
BRDA:18,1,1,0
BRDA:41,2,0,0
BRDA:41,2,1,0
BRDA:41,3,0,0
BRDA:41,3,1,0
BRDA:48,4,0,0
BRDA:48,4,1,0
BRDA:55,5,0,0
BRDA:55,5,1,0
BRF:12
BRH:0
end_of_record
TN:
SF:src/controllers/adminUserController.js
FN:4,(anonymous_0)
FN:14,(anonymous_1)
FN:24,(anonymous_2)
FN:34,(anonymous_3)
FNF:4
FNH:0
FNDA:0,(anonymous_0)
FNDA:0,(anonymous_1)
FNDA:0,(anonymous_2)
FNDA:0,(anonymous_3)
DA:1,1
DA:4,1
DA:5,0
DA:6,0
DA:7,0
DA:9,0
DA:14,1
DA:15,0
DA:16,0
DA:17,0
DA:19,0
DA:24,1
DA:25,0
DA:26,0
DA:27,0
DA:29,0
DA:34,1
DA:35,0
DA:36,0
DA:37,0
DA:38,0
DA:40,0
DA:41,0
DA:43,0
LF:24
LH:5
BRDA:37,0,0,0
BRDA:37,0,1,0
BRDA:37,1,0,0
BRDA:37,1,1,0
BRF:4
BRH:0
end_of_record
TN:
SF:src/controllers/courseController.js
FN:4,(anonymous_0)
FN:19,(anonymous_1)
FN:44,(anonymous_2)
FN:56,(anonymous_3)
FN:85,(anonymous_4)
FN:100,(anonymous_5)
FN:112,(anonymous_6)
FN:126,(anonymous_7)
FNF:8
FNH:0
FNDA:0,(anonymous_0)
FNDA:0,(anonymous_1)
FNDA:0,(anonymous_2)
FNDA:0,(anonymous_3)
FNDA:0,(anonymous_4)
FNDA:0,(anonymous_5)
FNDA:0,(anonymous_6)
FNDA:0,(anonymous_7)
DA:1,1
DA:4,1
DA:5,0
DA:6,0
DA:7,0
DA:8,0
DA:10,0
DA:11,0
DA:12,0
DA:14,0
DA:19,1
DA:20,0
DA:21,0
DA:22,0
DA:24,0
DA:25,0
DA:26,0
DA:27,0
DA:28,0
DA:31,0
DA:36,0
DA:37,0
DA:39,0
DA:44,1
DA:45,0
DA:46,0
DA:47,0
DA:48,0
DA:50,0
DA:56,1
DA:57,0
DA:58,0
DA:59,0
DA:60,0
DA:61,0
DA:62,0
DA:65,0
DA:66,0
DA:67,0
DA:68,0
DA:69,0
DA:70,0
DA:71,0
DA:73,0
DA:74,0
DA:77,0
DA:78,0
DA:80,0
DA:85,1
DA:86,0
DA:87,0
DA:88,0
DA:89,0
DA:90,0
DA:91,0
DA:93,0
DA:95,0
DA:100,1
DA:101,0
DA:102,0
DA:103,0
DA:104,0
DA:106,0
DA:112,1
DA:113,0
DA:114,0
DA:115,0
DA:116,0
DA:118,0
DA:119,0
DA:121,0
DA:126,1
DA:127,0
DA:128,0
DA:129,0
DA:130,0
DA:132,0
DA:133,0
DA:137,0
DA:139,0
LF:80
LH:9
BRDA:7,0,0,0
BRDA:7,0,1,0
BRDA:7,1,0,0
BRDA:7,1,1,0
BRDA:25,2,0,0
BRDA:25,2,1,0
BRDA:27,3,0,0
BRDA:27,3,1,0
BRDA:36,4,0,0
BRDA:36,4,1,0
BRDA:47,5,0,0
BRDA:47,5,1,0
BRDA:60,6,0,0
BRDA:60,6,1,0
BRDA:61,7,0,0
BRDA:61,7,1,0
BRDA:62,8,0,0
BRDA:62,8,1,0
BRDA:65,9,0,0
BRDA:65,9,1,0
BRDA:66,10,0,0
BRDA:66,10,1,0
BRDA:68,11,0,0
BRDA:68,11,1,0
BRDA:68,12,0,0
BRDA:68,12,1,0
BRDA:70,13,0,0
BRDA:70,13,1,0
BRDA:70,14,0,0
BRDA:70,14,1,0
BRDA:73,15,0,0
BRDA:73,15,1,0
BRDA:88,16,0,0
BRDA:88,16,1,0
BRDA:89,17,0,0
BRDA:89,17,1,0
BRDA:90,18,0,0
BRDA:90,18,1,0
BRDA:90,19,0,0
BRDA:90,19,1,0
BRDA:103,20,0,0
BRDA:103,20,1,0
BRDA:115,21,0,0
BRDA:115,21,1,0
BRDA:115,22,0,0
BRDA:115,22,1,0
BRDA:115,22,2,0
BRDA:129,23,0,0
BRDA:129,23,1,0
BRDA:129,24,0,0
BRDA:129,24,1,0
BRDA:129,24,2,0
BRDA:132,25,0,0
BRDA:132,25,1,0
BRDA:137,26,0,0
BRDA:137,26,1,0
BRDA:137,27,0,0
BRDA:137,27,1,0
BRDA:137,28,0,0
BRDA:137,28,1,0
BRF:60
BRH:0
end_of_record
TN:
SF:src/controllers/jobController.js
FN:211,(anonymous_0)
FN:244,(anonymous_1)
FN:274,(anonymous_2)
FN:294,(anonymous_3)
FN:318,(anonymous_4)
FN:324,(anonymous_5)
FN:354,(anonymous_6)
FN:355,(anonymous_7)
FN:371,(anonymous_8)
FN:398,(anonymous_9)
FN:407,(anonymous_10)
FN:418,(anonymous_11)
FNF:12
FNH:0
FNDA:0,(anonymous_0)
FNDA:0,(anonymous_1)
FNDA:0,(anonymous_2)
FNDA:0,(anonymous_3)
FNDA:0,(anonymous_4)
FNDA:0,(anonymous_5)
FNDA:0,(anonymous_6)
FNDA:0,(anonymous_7)
FNDA:0,(anonymous_8)
FNDA:0,(anonymous_9)
FNDA:0,(anonymous_10)
FNDA:0,(anonymous_11)
DA:207,1
DA:208,1
DA:211,1
DA:212,0
DA:213,0
DA:214,0
DA:215,0
DA:217,0
DA:218,0
DA:221,0
DA:222,0
DA:223,0
DA:226,0
DA:234,0
DA:235,0
DA:236,0
DA:238,0
DA:239,0
DA:244,1
DA:245,0
DA:246,0
DA:247,0
DA:248,0
DA:250,0
DA:251,0
DA:252,0
DA:255,0
DA:261,0
DA:262,0
DA:265,0
DA:266,0
DA:268,0
DA:269,0
DA:274,1
DA:275,0
DA:276,0
DA:277,0
DA:279,0
DA:281,0
DA:282,0
DA:285,0
DA:286,0
DA:288,0
DA:289,0
DA:294,1
DA:295,0
DA:296,0
DA:297,0
DA:299,0
DA:300,0
DA:303,0
DA:305,0
DA:306,0
DA:309,0
DA:310,0
DA:312,0
DA:313,0
DA:318,1
DA:319,0
DA:320,0
DA:321,0
DA:323,0
DA:324,0
DA:325,0
DA:328,0
DA:354,0
DA:355,0
DA:356,0
DA:362,0
DA:363,0
DA:365,0
DA:366,0
DA:371,1
DA:372,0
DA:373,0
DA:374,0
DA:376,0
DA:377,0
DA:380,0
DA:382,0
DA:383,0
DA:386,0
DA:387,0
DA:389,0
DA:390,0
DA:392,0
DA:393,0
DA:398,1
DA:399,0
DA:400,0
DA:403,0
DA:404,0
DA:405,0
DA:407,0
DA:412,0
DA:413,0
DA:418,1
DA:419,0
DA:420,0
DA:421,0
DA:424,0
DA:425,0
DA:426,0
DA:428,0
DA:430,0
DA:431,0
LF:106
LH:10
BRDA:217,0,0,0
BRDA:217,0,1,0
BRDA:217,1,0,0
BRDA:217,1,1,0
BRDA:217,1,2,0
BRDA:217,1,3,0
BRDA:222,2,0,0
BRDA:222,2,1,0
BRDA:251,3,0,0
BRDA:251,3,1,0
BRDA:251,4,0,0
BRDA:251,4,1,0
BRDA:257,5,0,0
BRDA:257,5,1,0
BRDA:261,6,0,0
BRDA:261,6,1,0
BRDA:281,7,0,0
BRDA:281,7,1,0
BRDA:299,8,0,0
BRDA:299,8,1,0
BRDA:299,9,0,0
BRDA:299,9,1,0
BRDA:299,9,2,0
BRDA:305,10,0,0
BRDA:305,10,1,0
BRDA:355,11,0,0
BRDA:355,11,1,0
BRDA:376,12,0,0
BRDA:376,12,1,0
BRDA:376,13,0,0
BRDA:376,13,1,0
BRDA:376,13,2,0
BRDA:382,14,0,0
BRDA:382,14,1,0
BRDA:404,15,0,0
BRDA:404,15,1,0
BRDA:409,16,0,0
BRDA:409,16,1,0
BRDA:425,17,0,0
BRDA:425,17,1,0
BRF:40
BRH:0
end_of_record
TN:
SF:src/controllers/jobMatchController.js
FN:5,unique
FN:6,toLowerTrim
FN:9,(anonymous_2)
FN:22,(anonymous_3)
FN:26,(anonymous_4)
FN:27,(anonymous_5)
FN:28,(anonymous_6)
FN:32,(anonymous_7)
FN:33,(anonymous_8)
FN:34,(anonymous_9)
FN:45,(anonymous_10)
FN:85,(anonymous_11)
FN:91,(anonymous_12)
FN:92,(anonymous_13)
FNF:14
FNH:0
FNDA:0,unique
FNDA:0,toLowerTrim
FNDA:0,(anonymous_2)
FNDA:0,(anonymous_3)
FNDA:0,(anonymous_4)
FNDA:0,(anonymous_5)
FNDA:0,(anonymous_6)
FNDA:0,(anonymous_7)
FNDA:0,(anonymous_8)
FNDA:0,(anonymous_9)
FNDA:0,(anonymous_10)
FNDA:0,(anonymous_11)
FNDA:0,(anonymous_12)
FNDA:0,(anonymous_13)
DA:1,0
DA:2,0
DA:3,0
DA:5,0
DA:6,0
DA:9,0
DA:10,0
DA:11,0
DA:12,0
DA:15,0
DA:17,0
DA:18,0
DA:22,0
DA:25,0
DA:26,0
DA:27,0
DA:28,0
DA:31,0
DA:32,0
DA:33,0
DA:34,0
DA:39,0
DA:40,0
DA:41,0
DA:45,0
DA:48,0
DA:51,0
DA:52,0
DA:56,0
DA:67,0
DA:68,0
DA:73,0
DA:85,0
DA:86,0
DA:87,0
DA:88,0
DA:89,0
DA:91,0
DA:92,0
DA:95,0
DA:97,0
DA:98,0
LF:42
LH:0
BRDA:6,0,0,0
BRDA:6,0,1,0
BRDA:11,1,0,0
BRDA:11,1,1,0
BRDA:12,2,0,0
BRDA:12,2,1,0
BRDA:17,3,0,0
BRDA:17,3,1,0
BRDA:26,4,0,0
BRDA:26,4,1,0
BRDA:27,5,0,0
BRDA:27,5,1,0
BRDA:27,5,2,0
BRDA:28,6,0,0
BRDA:28,6,1,0
BRDA:32,7,0,0
BRDA:32,7,1,0
BRDA:40,8,0,0
BRDA:40,8,1,0
BRDA:51,9,0,0
BRDA:51,9,1,0
BRDA:51,10,0,0
BRDA:51,10,1,0
BRDA:67,11,0,0
BRDA:67,11,1,0
BRDA:67,12,0,0
BRDA:67,12,1,0
BRDA:86,13,0,0
BRDA:86,13,1,0
BRDA:88,14,0,0
BRDA:88,14,1,0
BRDA:88,15,0,0
BRDA:88,15,1,0
BRDA:92,16,0,0
BRDA:92,16,1,0
BRF:35
BRH:0
end_of_record
TN:
SF:src/controllers/jobPreferenceController.js
FN:4,(anonymous_0)
FN:29,(anonymous_1)
FN:36,(anonymous_2)
FN:53,(anonymous_3)
FN:57,(anonymous_4)
FN:74,(anonymous_5)
FN:86,(anonymous_6)
FNF:7
FNH:0
FNDA:0,(anonymous_0)
FNDA:0,(anonymous_1)
FNDA:0,(anonymous_2)
FNDA:0,(anonymous_3)
FNDA:0,(anonymous_4)
FNDA:0,(anonymous_5)
FNDA:0,(anonymous_6)
DA:1,1
DA:4,1
DA:5,0
DA:6,0
DA:7,0
DA:9,0
DA:29,1
DA:30,0
DA:31,0
DA:32,0
DA:34,0
DA:35,0
DA:36,0
DA:37,0
DA:38,0
DA:41,0
DA:46,0
DA:48,0
DA:49,0
DA:53,1
DA:54,0
DA:55,0
DA:56,0
DA:57,0
DA:58,0
DA:61,0
DA:66,0
DA:67,0
DA:69,0
DA:74,1
DA:75,0
DA:76,0
DA:77,0
DA:78,0
DA:79,0
DA:81,0
DA:86,1
DA:87,0
DA:88,0
DA:89,0
DA:90,0
DA:92,0
DA:93,0
DA:95,0
LF:44
LH:6
BRDA:32,0,0,0
BRDA:32,0,1,0
BRDA:35,1,0,0
BRDA:35,1,1,0
BRDA:37,2,0,0
BRDA:37,2,1,0
BRDA:58,3,0,0
BRDA:58,3,1,0
BRDA:66,4,0,0
BRDA:66,4,1,0
BRDA:78,5,0,0
BRDA:78,5,1,0
BRDA:88,6,0,0
BRDA:89,7,0,0
BRDA:89,7,1,0
BRDA:89,8,0,0
BRDA:89,8,1,0
BRDA:93,9,0,0
BRDA:93,9,1,0
BRF:19
BRH:0
end_of_record
TN:
SF:src/controllers/userController.js
FN:7,(anonymous_0)
FN:16,(anonymous_1)
FN:34,(anonymous_2)
FN:60,(anonymous_3)
FN:82,(anonymous_4)
FN:111,(anonymous_5)
FNF:6
FNH:3
FNDA:1,(anonymous_0)
FNDA:2,(anonymous_1)
FNDA:1,(anonymous_2)
FNDA:0,(anonymous_3)
FNDA:0,(anonymous_4)
FNDA:0,(anonymous_5)
DA:1,1
DA:2,1
DA:3,1
DA:4,1
DA:7,1
DA:8,1
DA:16,1
DA:17,2
DA:18,2
DA:21,2
DA:22,0
DA:25,2
DA:26,2
DA:27,2
DA:29,0
DA:34,1
DA:35,1
DA:36,1
DA:37,1
DA:38,1
DA:39,0
DA:41,1
DA:42,1
DA:55,0
DA:60,1
DA:61,0
DA:62,0
DA:63,0
DA:66,0
DA:72,0
DA:73,0
DA:75,0
DA:77,0
DA:82,1
DA:83,0
DA:84,0
DA:85,0
DA:88,0
DA:95,0
DA:96,0
DA:99,0
DA:104,0
DA:106,0
DA:111,1
DA:112,0
DA:113,0
DA:114,0
DA:117,0
DA:119,0
DA:121,0
LF:50
LH:23
BRDA:21,0,0,0
BRDA:21,0,1,2
BRDA:38,1,0,0
BRDA:38,1,1,1
BRDA:38,2,0,1
BRDA:38,2,1,1
BRDA:51,3,0,1
BRDA:51,3,1,1
BRDA:63,4,0,0
BRDA:63,4,1,0
BRDA:84,5,0,0
BRDA:84,5,1,0
BRDA:113,6,0,0
BRDA:113,6,1,0
BRF:14
BRH:6
end_of_record
TN:
SF:src/middleware/authMiddleware.js
FN:3,(anonymous_0)
FN:9,(anonymous_1)
FN:30,(anonymous_2)
FN:31,(anonymous_3)
FNF:4
FNH:1
FNDA:0,(anonymous_0)
FNDA:0,(anonymous_1)
FNDA:16,(anonymous_2)
FNDA:0,(anonymous_3)
DA:1,1
DA:3,1
DA:5,0
DA:7,0
DA:8,0
DA:10,0
DA:11,0
DA:12,0
DA:13,0
DA:16,0
DA:18,0
DA:20,0
DA:21,0
DA:22,0
DA:23,0
DA:25,0
DA:30,1
DA:31,16
DA:32,0
DA:33,0
DA:35,0
LF:21
LH:4
BRDA:7,0,0,0
BRDA:7,0,1,0
BRDA:7,1,0,0
BRDA:7,1,1,0
BRDA:16,2,0,0
BRDA:16,2,1,0
BRDA:18,3,0,0
BRDA:18,3,1,0
BRDA:32,4,0,0
BRDA:32,4,1,0
BRF:10
BRH:0
end_of_record
TN:
SF:src/models/category.js
FNF:0
FNH:0
DA:1,1
DA:3,1
DA:12,1
LF:3
LH:3
BRF:0
BRH:0
end_of_record
TN:
SF:src/models/job.js
FN:20,(anonymous_0)
FNF:1
FNH:0
FNDA:0,(anonymous_0)
DA:1,1
DA:3,1
DA:9,1
DA:20,1
DA:21,0
DA:22,0
DA:26,1
DA:27,1
LF:8
LH:6
BRDA:21,0,0,0
BRDA:21,0,1,0
BRF:2
BRH:0
end_of_record
TN:
SF:src/models/jobPreference.js
FN:9,(anonymous_0)
FNF:1
FNH:0
FNDA:0,(anonymous_0)
DA:1,1
DA:3,1
DA:9,1
DA:10,0
DA:13,1
LF:5
LH:4
BRDA:10,0,0,0
BRDA:10,0,1,0
BRF:2
BRH:0
end_of_record
TN:
SF:src/models/module.js
FNF:0
FNH:0
DA:1,1
DA:3,1
DA:11,1
DA:17,1
DA:23,1
DA:30,1
DA:47,1
DA:49,1
LF:8
LH:8
BRF:0
BRH:0
end_of_record
TN:
SF:src/models/profileUpdateRequest.js
FNF:0
FNH:0
DA:1,1
DA:2,1
DA:11,1
LF:3
LH:3
BRF:0
BRH:0
end_of_record
TN:
SF:src/models/user.js
FN:16,(anonymous_0)
FN:23,(anonymous_1)
FNF:2
FNH:2
FNDA:2,(anonymous_0)
FNDA:1,(anonymous_1)
DA:1,1
DA:2,1
DA:4,1
DA:16,1
DA:17,2
DA:18,2
DA:19,2
DA:23,1
DA:24,1
DA:27,1
DA:29,1
LF:11
LH:11
BRDA:17,0,0,0
BRDA:17,0,1,2
BRDA:27,1,0,1
BRDA:27,1,1,1
BRF:4
BRH:3
end_of_record
TN:
SF:src/public/js/courses.js
FN:1,(anonymous_0)
FN:2,(anonymous_1)
FN:3,(anonymous_2)
FN:47,authHeader
FN:52,isAdmin
FN:61,setView
FN:79,fetchModules
FN:87,(anonymous_7)
FN:101,renderHome
FN:102,(anonymous_9)
FN:107,(anonymous_10)
FN:110,(anonymous_11)
FN:111,(anonymous_12)
FN:123,renderManage
FN:124,(anonymous_14)
FN:133,(anonymous_15)
FN:150,(anonymous_16)
FN:151,(anonymous_17)
FN:156,(anonymous_18)
FN:157,(anonymous_19)
FN:159,(anonymous_20)
FN:160,(anonymous_21)
FN:162,(anonymous_22)
FN:163,(anonymous_23)
FN:166,(anonymous_24)
FN:167,(anonymous_25)
FN:172,handleCheckboxChange
FN:173,(anonymous_27)
FN:179,(anonymous_28)
FN:179,(anonymous_29)
FN:181,(anonymous_30)
FN:184,(anonymous_31)
FN:187,(anonymous_32)
FN:196,onBulkDelete
FN:223,onSave
FN:239,(anonymous_35)
FN:264,onArchive
FN:265,(anonymous_37)
FN:278,onBulkArchive
FN:302,onDelete
FN:313,onEdit
FN:321,renderEditView
FN:333,(anonymous_42)
FN:336,(anonymous_43)
FN:367,(anonymous_44)
FN:371,renderDetailsView
FN:401,(anonymous_46)
FN:402,(anonymous_47)
FN:404,(anonymous_48)
FN:425,(anonymous_49)
FN:429,computeFilters
FN:431,(anonymous_51)
FN:432,(anonymous_52)
FN:433,(anonymous_53)
FN:435,(anonymous_54)
FN:436,(anonymous_55)
FN:438,escapeHtml
FN:438,(anonymous_57)
FN:439,cap
FN:442,loadAll
FN:448,(anonymous_60)
FN:455,(anonymous_61)
FN:456,(anonymous_62)
FN:457,(anonymous_63)
FN:459,(anonymous_64)
FN:460,(anonymous_65)
FN:462,(anonymous_66)
FN:464,(anonymous_67)
FNF:68
FNH:0
FNDA:0,(anonymous_0)
FNDA:0,(anonymous_1)
FNDA:0,(anonymous_2)
FNDA:0,authHeader
FNDA:0,isAdmin
FNDA:0,setView
FNDA:0,fetchModules
FNDA:0,(anonymous_7)
FNDA:0,renderHome
FNDA:0,(anonymous_9)
FNDA:0,(anonymous_10)
FNDA:0,(anonymous_11)
FNDA:0,(anonymous_12)
FNDA:0,renderManage
FNDA:0,(anonymous_14)
FNDA:0,(anonymous_15)
FNDA:0,(anonymous_16)
FNDA:0,(anonymous_17)
FNDA:0,(anonymous_18)
FNDA:0,(anonymous_19)
FNDA:0,(anonymous_20)
FNDA:0,(anonymous_21)
FNDA:0,(anonymous_22)
FNDA:0,(anonymous_23)
FNDA:0,(anonymous_24)
FNDA:0,(anonymous_25)
FNDA:0,handleCheckboxChange
FNDA:0,(anonymous_27)
FNDA:0,(anonymous_28)
FNDA:0,(anonymous_29)
FNDA:0,(anonymous_30)
FNDA:0,(anonymous_31)
FNDA:0,(anonymous_32)
FNDA:0,onBulkDelete
FNDA:0,onSave
FNDA:0,(anonymous_35)
FNDA:0,onArchive
FNDA:0,(anonymous_37)
FNDA:0,onBulkArchive
FNDA:0,onDelete
FNDA:0,onEdit
FNDA:0,renderEditView
FNDA:0,(anonymous_42)
FNDA:0,(anonymous_43)
FNDA:0,(anonymous_44)
FNDA:0,renderDetailsView
FNDA:0,(anonymous_46)
FNDA:0,(anonymous_47)
FNDA:0,(anonymous_48)
FNDA:0,(anonymous_49)
FNDA:0,computeFilters
FNDA:0,(anonymous_51)
FNDA:0,(anonymous_52)
FNDA:0,(anonymous_53)
FNDA:0,(anonymous_54)
FNDA:0,(anonymous_55)
FNDA:0,escapeHtml
FNDA:0,(anonymous_57)
FNDA:0,cap
FNDA:0,loadAll
FNDA:0,(anonymous_60)
FNDA:0,(anonymous_61)
FNDA:0,(anonymous_62)
FNDA:0,(anonymous_63)
FNDA:0,(anonymous_64)
FNDA:0,(anonymous_65)
FNDA:0,(anonymous_66)
FNDA:0,(anonymous_67)
DA:1,0
DA:2,0
DA:3,0
DA:5,0
DA:6,0
DA:7,0
DA:8,0
DA:9,0
DA:10,0
DA:11,0
DA:12,0
DA:13,0
DA:14,0
DA:15,0
DA:16,0
DA:17,0
DA:18,0
DA:19,0
DA:20,0
DA:21,0
DA:22,0
DA:23,0
DA:24,0
DA:25,0
DA:26,0
DA:27,0
DA:29,0
DA:30,0
DA:31,0
DA:32,0
DA:33,0
DA:35,0
DA:36,0
DA:48,0
DA:49,0
DA:53,0
DA:54,0
DA:55,0
DA:56,0
DA:57,0
DA:62,0
DA:63,0
DA:64,0
DA:66,0
DA:67,0
DA:68,0
DA:69,0
DA:70,0
DA:71,0
DA:72,0
DA:73,0
DA:74,0
DA:80,0
DA:81,0
DA:82,0
DA:83,0
DA:84,0
DA:85,0
DA:86,0
DA:87,0
DA:102,0
DA:103,0
DA:104,0
DA:106,0
DA:107,0
DA:110,0
DA:111,0
DA:112,0
DA:113,0
DA:118,0
DA:119,0
DA:124,0
DA:125,0
DA:128,0
DA:129,0
DA:130,0
DA:131,0
DA:132,0
DA:133,0
DA:144,0
DA:145,0
DA:146,0
DA:148,0
DA:149,0
DA:150,0
DA:151,0
DA:152,0
DA:153,0
DA:156,0
DA:157,0
DA:159,0
DA:160,0
DA:162,0
DA:163,0
DA:166,0
DA:167,0
DA:173,0
DA:174,0
DA:175,0
DA:176,0
DA:177,0
DA:178,0
DA:179,0
DA:181,0
DA:182,0
DA:183,0
DA:184,0
DA:186,0
DA:187,0
DA:191,0
DA:197,0
DA:198,0
DA:200,0
DA:201,0
DA:203,0
DA:204,0
DA:209,0
DA:210,0
DA:212,0
DA:213,0
DA:214,0
DA:216,0
DA:217,0
DA:224,0
DA:225,0
DA:226,0
DA:227,0
DA:228,0
DA:229,0
DA:230,0
DA:231,0
DA:233,0
DA:238,0
DA:239,0
DA:240,0
DA:241,0
DA:243,0
DA:244,0
DA:245,0
DA:246,0
DA:251,0
DA:252,0
DA:255,0
DA:256,0
DA:257,0
DA:258,0
DA:259,0
DA:260,0
DA:265,0
DA:266,0
DA:267,0
DA:268,0
DA:273,0
DA:274,0
DA:279,0
DA:280,0
DA:282,0
DA:283,0
DA:285,0
DA:286,0
DA:291,0
DA:292,0
DA:293,0
DA:294,0
DA:296,0
DA:297,0
DA:303,0
DA:304,0
DA:308,0
DA:309,0
DA:314,0
DA:315,0
DA:316,0
DA:317,0
DA:322,0
DA:323,0
DA:324,0
DA:325,0
DA:326,0
DA:327,0
DA:328,0
DA:329,0
DA:330,0
DA:331,0
DA:332,0
DA:333,0
DA:334,0
DA:335,0
DA:336,0
DA:337,0
DA:338,0
DA:339,0
DA:340,0
DA:341,0
DA:342,0
DA:343,0
DA:345,0
DA:350,0
DA:351,0
DA:352,0
DA:354,0
DA:355,0
DA:356,0
DA:363,0
DA:364,0
DA:365,0
DA:367,0
DA:372,0
DA:373,0
DA:374,0
DA:375,0
DA:376,0
DA:377,0
DA:378,0
DA:379,0
DA:380,0
DA:381,0
DA:383,0
DA:384,0
DA:385,0
DA:387,0
DA:389,0
DA:390,0
DA:391,0
DA:392,0
DA:393,0
DA:394,0
DA:397,0
DA:398,0
DA:399,0
DA:400,0
DA:401,0
DA:402,0
DA:403,0
DA:404,0
DA:405,0
DA:406,0
DA:407,0
DA:408,0
DA:409,0
DA:410,0
DA:411,0
DA:412,0
DA:413,0
DA:415,0
DA:416,0
DA:418,0
DA:421,0
DA:422,0
DA:424,0
DA:425,0
DA:430,0
DA:431,0
DA:432,0
DA:433,0
DA:434,0
DA:435,0
DA:436,0
DA:438,0
DA:439,0
DA:443,0
DA:444,0
DA:448,0
DA:449,0
DA:450,0
DA:451,0
DA:453,0
DA:455,0
DA:456,0
DA:457,0
DA:458,0
DA:459,0
DA:460,0
DA:461,0
DA:462,0
DA:463,0
DA:464,0
DA:465,0
DA:468,0
LF:279
LH:0
BRDA:49,0,0,0
BRDA:49,0,1,0
BRDA:55,1,0,0
BRDA:55,1,1,0
BRDA:62,2,0,0
BRDA:62,2,1,0
BRDA:62,3,0,0
BRDA:62,3,1,0
BRDA:63,4,0,0
BRDA:63,4,1,0
BRDA:63,5,0,0
BRDA:63,5,1,0
BRDA:64,6,0,0
BRDA:64,6,1,0
BRDA:64,7,0,0
BRDA:64,7,1,0
BRDA:68,8,0,0
BRDA:68,8,1,0
BRDA:68,9,0,0
BRDA:68,9,1,0
BRDA:69,10,0,0
BRDA:69,10,1,0
BRDA:69,11,0,0
BRDA:69,11,1,0
BRDA:70,12,0,0
BRDA:70,12,1,0
BRDA:70,13,0,0
BRDA:70,13,1,0
BRDA:71,14,0,0
BRDA:71,14,1,0
BRDA:71,15,0,0
BRDA:71,15,1,0
BRDA:72,16,0,0
BRDA:72,16,1,0
BRDA:72,17,0,0
BRDA:72,17,1,0
BRDA:73,18,0,0
BRDA:73,18,1,0
BRDA:74,19,0,0
BRDA:74,19,1,0
BRDA:84,20,0,0
BRDA:84,20,1,0
BRDA:86,21,0,0
BRDA:86,21,1,0
BRDA:86,22,0,0
BRDA:86,22,1,0
BRDA:86,22,2,0
BRDA:88,23,0,0
BRDA:88,23,1,0
BRDA:89,24,0,0
BRDA:89,24,1,0
BRDA:90,25,0,0
BRDA:90,25,1,0
BRDA:91,26,0,0
BRDA:91,26,1,0
BRDA:92,27,0,0
BRDA:92,27,1,0
BRDA:93,28,0,0
BRDA:93,28,1,0
BRDA:94,29,0,0
BRDA:94,29,1,0
BRDA:95,30,0,0
BRDA:95,30,1,0
BRDA:103,31,0,0
BRDA:103,31,1,0
BRDA:103,32,0,0
BRDA:103,32,1,0
BRDA:104,33,0,0
BRDA:104,33,1,0
BRDA:119,34,0,0
BRDA:119,34,1,0
BRDA:125,35,0,0
BRDA:125,35,1,0
BRDA:125,35,2,0
BRDA:125,35,3,0
BRDA:130,36,0,0
BRDA:130,36,1,0
BRDA:136,37,0,0
BRDA:136,37,1,0
BRDA:139,38,0,0
BRDA:139,38,1,0
BRDA:139,39,0,0
BRDA:139,39,1,0
BRDA:146,40,0,0
BRDA:146,40,1,0
BRDA:174,41,0,0
BRDA:174,41,1,0
BRDA:177,42,0,0
BRDA:177,42,1,0
BRDA:181,43,0,0
BRDA:181,43,1,0
BRDA:182,44,0,0
BRDA:182,44,1,0
BRDA:197,45,0,0
BRDA:197,45,1,0
BRDA:200,46,0,0
BRDA:200,46,1,0
BRDA:209,47,0,0
BRDA:209,47,1,0
BRDA:229,48,0,0
BRDA:229,48,1,0
BRDA:229,49,0,0
BRDA:229,49,1,0
BRDA:238,50,0,0
BRDA:238,50,1,0
BRDA:244,51,0,0
BRDA:244,51,1,0
BRDA:245,52,0,0
BRDA:245,52,1,0
BRDA:251,53,0,0
BRDA:251,53,1,0
BRDA:266,54,0,0
BRDA:266,54,1,0
BRDA:267,55,0,0
BRDA:267,55,1,0
BRDA:267,56,0,0
BRDA:267,56,1,0
BRDA:273,57,0,0
BRDA:273,57,1,0
BRDA:273,58,0,0
BRDA:273,58,1,0
BRDA:278,59,0,0
BRDA:279,60,0,0
BRDA:279,60,1,0
BRDA:280,61,0,0
BRDA:280,61,1,0
BRDA:282,62,0,0
BRDA:282,62,1,0
BRDA:282,63,0,0
BRDA:282,63,1,0
BRDA:291,64,0,0
BRDA:291,64,1,0
BRDA:303,65,0,0
BRDA:303,65,1,0
BRDA:308,66,0,0
BRDA:308,66,1,0
BRDA:315,67,0,0
BRDA:315,67,1,0
BRDA:323,68,0,0
BRDA:323,68,1,0
BRDA:328,69,0,0
BRDA:328,69,1,0
BRDA:329,70,0,0
BRDA:329,70,1,0
BRDA:330,71,0,0
BRDA:330,71,1,0
BRDA:331,72,0,0
BRDA:331,72,1,0
BRDA:332,73,0,0
BRDA:332,73,1,0
BRDA:333,74,0,0
BRDA:333,74,1,0
BRDA:334,75,0,0
BRDA:334,75,1,0
BRDA:335,76,0,0
BRDA:335,76,1,0
BRDA:335,77,0,0
BRDA:335,77,1,0
BRDA:341,78,0,0
BRDA:341,78,1,0
BRDA:341,79,0,0
BRDA:341,79,1,0
BRDA:345,80,0,0
BRDA:345,80,1,0
BRDA:350,81,0,0
BRDA:350,81,1,0
BRDA:354,82,0,0
BRDA:354,82,1,0
BRDA:356,83,0,0
BRDA:356,83,1,0
BRDA:373,84,0,0
BRDA:373,84,1,0
BRDA:378,85,0,0
BRDA:378,85,1,0
BRDA:380,86,0,0
BRDA:380,86,1,0
BRDA:387,87,0,0
BRDA:387,87,1,0
BRDA:387,88,0,0
BRDA:387,88,1,0
BRDA:389,89,0,0
BRDA:389,89,1,0
BRDA:391,90,0,0
BRDA:391,90,1,0
BRDA:392,91,0,0
BRDA:392,91,1,0
BRDA:393,92,0,0
BRDA:393,92,1,0
BRDA:397,93,0,0
BRDA:397,93,1,0
BRDA:399,94,0,0
BRDA:399,94,1,0
BRDA:400,95,0,0
BRDA:400,95,1,0
BRDA:405,96,0,0
BRDA:405,96,1,0
BRDA:406,97,0,0
BRDA:406,97,1,0
BRDA:408,98,0,0
BRDA:408,98,1,0
BRDA:410,99,0,0
BRDA:410,99,1,0
BRDA:412,100,0,0
BRDA:412,100,1,0
BRDA:413,101,0,0
BRDA:413,101,1,0
BRDA:422,102,0,0
BRDA:422,102,1,0
BRDA:425,103,0,0
BRDA:425,103,1,0
BRDA:438,104,0,0
BRDA:438,104,1,0
BRDA:439,105,0,0
BRDA:439,105,1,0
BRDA:444,106,0,0
BRDA:444,106,1,0
BRDA:449,107,0,0
BRDA:449,107,1,0
BRDA:449,108,0,0
BRDA:449,108,1,0
BRDA:455,109,0,0
BRDA:455,109,1,0
BRDA:456,110,0,0
BRDA:456,110,1,0
BRDA:457,111,0,0
BRDA:457,111,1,0
BRDA:458,112,0,0
BRDA:458,112,1,0
BRDA:459,113,0,0
BRDA:459,113,1,0
BRDA:460,114,0,0
BRDA:460,114,1,0
BRDA:461,115,0,0
BRDA:461,115,1,0
BRDA:462,116,0,0
BRDA:462,116,1,0
BRF:236
BRH:0
end_of_record
TN:
SF:src/public/js/job-preferences.js
FN:132,(anonymous_0)
FN:134,(anonymous_1)
FN:135,(anonymous_2)
FN:158,(anonymous_3)
FN:164,(anonymous_4)
FN:169,(anonymous_5)
FN:178,(anonymous_6)
FN:187,apiList
FN:194,apiCreate
FN:208,apiUpdate
FN:222,apiDeleteOne
FN:235,apiBulkDelete
FN:249,safeJson
FN:254,renderRows
FN:255,(anonymous_14)
FN:281,loadPrefs
FN:292,parseCategories
FN:295,(anonymous_17)
FN:298,resetForm
FN:307,(anonymous_19)
FN:334,(anonymous_20)
FN:341,(anonymous_21)
FN:348,(anonymous_22)
FN:349,(anonymous_23)
FN:353,(anonymous_24)
FN:354,(anonymous_25)
FN:370,(anonymous_26)
FNF:27
FNH:0
FNDA:0,(anonymous_0)
FNDA:0,(anonymous_1)
FNDA:0,(anonymous_2)
FNDA:0,(anonymous_3)
FNDA:0,(anonymous_4)
FNDA:0,(anonymous_5)
FNDA:0,(anonymous_6)
FNDA:0,apiList
FNDA:0,apiCreate
FNDA:0,apiUpdate
FNDA:0,apiDeleteOne
FNDA:0,apiBulkDelete
FNDA:0,safeJson
FNDA:0,renderRows
FNDA:0,(anonymous_14)
FNDA:0,loadPrefs
FNDA:0,parseCategories
FNDA:0,(anonymous_17)
FNDA:0,resetForm
FNDA:0,(anonymous_19)
FNDA:0,(anonymous_20)
FNDA:0,(anonymous_21)
FNDA:0,(anonymous_22)
FNDA:0,(anonymous_23)
FNDA:0,(anonymous_24)
FNDA:0,(anonymous_25)
FNDA:0,(anonymous_26)
DA:132,0
DA:133,0
DA:134,0
DA:135,0
DA:137,0
DA:149,0
DA:150,0
DA:155,0
DA:158,0
DA:159,0
DA:160,0
DA:163,0
DA:164,0
DA:169,0
DA:170,0
DA:171,0
DA:172,0
DA:173,0
DA:175,0
DA:178,0
DA:179,0
DA:188,0
DA:189,0
DA:190,0
DA:191,0
DA:195,0
DA:200,0
DA:201,0
DA:202,0
DA:203,0
DA:205,0
DA:209,0
DA:214,0
DA:215,0
DA:216,0
DA:217,0
DA:219,0
DA:223,0
DA:227,0
DA:228,0
DA:229,0
DA:230,0
DA:232,0
DA:236,0
DA:241,0
DA:242,0
DA:243,0
DA:244,0
DA:246,0
DA:250,0
DA:255,0
DA:256,0
DA:257,0
DA:282,0
DA:283,0
DA:284,0
DA:285,0
DA:287,0
DA:293,0
DA:294,0
DA:295,0
DA:299,0
DA:300,0
DA:301,0
DA:302,0
DA:307,0
DA:308,0
DA:309,0
DA:310,0
DA:314,0
DA:315,0
DA:316,0
DA:318,0
DA:319,0
DA:320,0
DA:321,0
DA:323,0
DA:324,0
DA:326,0
DA:327,0
DA:329,0
DA:334,0
DA:335,0
DA:336,0
DA:340,0
DA:341,0
DA:342,0
DA:343,0
DA:348,0
DA:349,0
DA:353,0
DA:354,0
DA:355,0
DA:356,0
DA:357,0
DA:359,0
DA:360,0
DA:361,0
DA:362,0
DA:363,0
DA:365,0
DA:370,0
DA:371,0
DA:372,0
DA:373,0
DA:376,0
DA:377,0
DA:378,0
DA:379,0
DA:381,0
DA:382,0
DA:383,0
DA:384,0
DA:385,0
DA:386,0
DA:390,0
DA:391,0
DA:392,0
DA:393,0
DA:394,0
DA:395,0
DA:397,0
DA:403,0
DA:404,0
DA:405,0
DA:409,0
DA:411,0
LF:127
LH:0
BRDA:149,0,0,0
BRDA:149,0,1,0
BRDA:149,1,0,0
BRDA:149,1,1,0
BRDA:159,2,0,0
BRDA:159,2,1,0
BRDA:159,3,0,0
BRDA:159,3,1,0
BRDA:166,4,0,0
BRDA:166,4,1,0
BRDA:170,5,0,0
BRDA:170,5,1,0
BRDA:179,6,0,0
BRDA:179,6,1,0
BRDA:189,7,0,0
BRDA:189,7,1,0
BRDA:190,8,0,0
BRDA:190,8,1,0
BRDA:200,9,0,0
BRDA:200,9,1,0
BRDA:201,10,0,0
BRDA:201,10,1,0
BRDA:203,11,0,0
BRDA:203,11,1,0
BRDA:214,12,0,0
BRDA:214,12,1,0
BRDA:215,13,0,0
BRDA:215,13,1,0
BRDA:217,14,0,0
BRDA:217,14,1,0
BRDA:227,15,0,0
BRDA:227,15,1,0
BRDA:228,16,0,0
BRDA:228,16,1,0
BRDA:230,17,0,0
BRDA:230,17,1,0
BRDA:241,18,0,0
BRDA:241,18,1,0
BRDA:242,19,0,0
BRDA:242,19,1,0
BRDA:244,20,0,0
BRDA:244,20,1,0
BRDA:256,21,0,0
BRDA:256,21,1,0
BRDA:287,22,0,0
BRDA:287,22,1,0
BRDA:293,23,0,0
BRDA:293,23,1,0
BRDA:294,24,0,0
BRDA:294,24,1,0
BRDA:302,25,0,0
BRDA:302,25,1,0
BRDA:302,26,0,0
BRDA:302,26,1,0
BRDA:314,27,0,0
BRDA:314,27,1,0
BRDA:319,28,0,0
BRDA:319,28,1,0
BRDA:329,29,0,0
BRDA:329,29,1,0
BRDA:340,30,0,0
BRDA:340,30,1,0
BRDA:355,31,0,0
BRDA:355,31,1,0
BRDA:359,32,0,0
BRDA:359,32,1,0
BRDA:362,33,0,0
BRDA:362,33,1,0
BRDA:365,34,0,0
BRDA:365,34,1,0
BRDA:372,35,0,0
BRDA:372,35,1,0
BRDA:376,36,0,0
BRDA:376,36,1,0
BRDA:384,37,0,0
BRDA:384,37,1,0
BRDA:384,38,0,0
BRDA:384,38,1,0
BRDA:390,39,0,0
BRDA:390,39,1,0
BRDA:391,40,0,0
BRDA:391,40,1,0
BRDA:397,41,0,0
BRDA:397,41,1,0
BRDA:403,42,0,0
BRDA:403,42,1,0
BRDA:411,43,0,0
BRDA:411,43,1,0
BRF:88
BRH:0
end_of_record
TN:
SF:src/routes/adminUserRoutes.js
FNF:0
FNH:0
DA:1,1
DA:2,1
DA:3,1
DA:4,1
DA:7,1
DA:10,1
DA:13,1
DA:16,1
DA:18,1
LF:9
LH:9
BRF:0
BRH:0
end_of_record
TN:
SF:src/routes/courseRoutes.js
FNF:0
FNH:0
DA:1,1
DA:2,1
DA:3,1
DA:4,1
DA:7,1
DA:10,1
DA:18,1
DA:21,1
DA:22,1
DA:25,1
DA:28,1
DA:31,1
DA:33,1
LF:13
LH:13
BRF:0
BRH:0
end_of_record
TN:
SF:src/routes/jobMatchRoutes.js
FNF:0
FNH:0
DA:1,0
DA:2,0
DA:3,0
DA:4,0
DA:6,0
DA:8,0
LF:6
LH:0
BRF:0
BRH:0
end_of_record
TN:
SF:src/routes/jobPreferenceRoutes.js
FNF:0
FNH:0
DA:1,1
DA:2,1
DA:3,1
DA:4,1
DA:6,1
DA:8,1
DA:9,1
DA:10,1
DA:11,1
DA:12,1
DA:14,1
LF:11
LH:11
BRF:0
BRH:0
end_of_record
TN:
SF:src/routes/jobRoutes.js
FNF:0
FNH:0
DA:1,1
DA:2,1
DA:3,1
DA:6,1
DA:7,1
DA:8,1
DA:9,1
DA:10,1
DA:12,1
DA:13,1
DA:15,1
DA:17,1
LF:12
LH:12
BRF:0
BRH:0
end_of_record
TN:
SF:src/routes/userRoutes.js
FN:16,(anonymous_0)
FN:26,(anonymous_1)
FN:31,(anonymous_2)
FN:36,(anonymous_3)
FN:58,(anonymous_4)
FNF:5
FNH:0
FNDA:0,(anonymous_0)
FNDA:0,(anonymous_1)
FNDA:0,(anonymous_2)
FNDA:0,(anonymous_3)
FNDA:0,(anonymous_4)
DA:1,1
DA:2,1
DA:3,1
DA:4,1
DA:5,1
DA:6,1
DA:7,1
DA:8,1
DA:9,1
DA:11,1
DA:16,0
DA:19,1
DA:22,1
DA:23,1
DA:26,1
DA:27,0
DA:31,1
DA:32,0
DA:36,1
DA:37,0
DA:45,1
DA:48,1
DA:51,1
DA:54,1
DA:59,0
DA:60,0
DA:61,0
DA:63,0
DA:65,0
DA:75,1
DA:78,1
DA:81,1
DA:83,1
LF:33
LH:24
BRDA:60,0,0,0
BRDA:60,0,1,0
BRF:2
BRH:0
end_of_record
TN:
SF:src/views/components/sidebar.js
FN:2,parseJwt
FN:10,loadSidebar
FN:66,(anonymous_2)
FNF:3
FNH:0
FNDA:0,parseJwt
FNDA:0,loadSidebar
FNDA:0,(anonymous_2)
DA:3,0
DA:4,0
DA:6,0
DA:11,0
DA:12,0
DA:13,0
DA:14,0
DA:17,0
DA:18,0
DA:19,0
DA:20,0
DA:23,0
DA:24,0
DA:27,0
DA:34,0
DA:35,0
DA:37,0
DA:38,0
DA:46,0
DA:47,0
DA:55,0
DA:65,0
DA:66,0
LF:23
LH:0
BRDA:12,0,0,0
BRDA:12,0,1,0
BRDA:18,1,0,0
BRDA:18,1,1,0
BRDA:24,2,0,0
BRDA:24,2,1,0
BRDA:37,3,0,0
BRDA:37,3,1,0
BRDA:46,4,0,0
BRDA:46,4,1,0
BRF:10
BRH:0
end_of_record
